2022-12-15 14:57:54.141 +05:30  DBG  Initializing Razor view compiler with compiled view: '/Views/FoodSite/AccountCreated.cshtml'.
2022-12-15 14:57:54.208 +05:30  DBG  Initializing Razor view compiler with compiled view: '/Views/FoodSite/CancelOrder.cshtml'.
2022-12-15 14:57:54.208 +05:30  DBG  Initializing Razor view compiler with compiled view: '/Views/FoodSite/Cart.cshtml'.
2022-12-15 14:57:54.208 +05:30  DBG  Initializing Razor view compiler with compiled view: '/Views/FoodSite/CreateAccount.cshtml'.
2022-12-15 14:57:54.208 +05:30  DBG  Initializing Razor view compiler with compiled view: '/Views/FoodSite/CustomerDetails.cshtml'.
2022-12-15 14:57:54.208 +05:30  DBG  Initializing Razor view compiler with compiled view: '/Views/FoodSite/Login.cshtml'.
2022-12-15 14:57:54.208 +05:30  DBG  Initializing Razor view compiler with compiled view: '/Views/FoodSite/Menu.cshtml'.
2022-12-15 14:57:54.208 +05:30  DBG  Initializing Razor view compiler with compiled view: '/Views/FoodSite/OrderStatus.cshtml'.
2022-12-15 14:57:54.208 +05:30  DBG  Initializing Razor view compiler with compiled view: '/Views/FoodSite/PlaceOrder.cshtml'.
2022-12-15 14:57:54.208 +05:30  DBG  Initializing Razor view compiler with compiled view: '/Views/FoodSite/Restaurants.cshtml'.
2022-12-15 14:57:54.208 +05:30  DBG  Initializing Razor view compiler with compiled view: '/Views/Home/Index.cshtml'.
2022-12-15 14:57:54.208 +05:30  DBG  Initializing Razor view compiler with compiled view: '/Views/Home/Privacy.cshtml'.
2022-12-15 14:57:54.208 +05:30  DBG  Initializing Razor view compiler with compiled view: '/Views/Shared/Error.cshtml'.
2022-12-15 14:57:54.208 +05:30  DBG  Initializing Razor view compiler with compiled view: '/Views/Shared/_Notification.cshtml'.
2022-12-15 14:57:54.208 +05:30  DBG  Initializing Razor view compiler with compiled view: '/Views/Shared/_ValidationScriptsPartial.cshtml'.
2022-12-15 14:57:54.208 +05:30  DBG  Initializing Razor view compiler with compiled view: '/Views/_ViewImports.cshtml'.
2022-12-15 14:57:54.208 +05:30  DBG  Initializing Razor view compiler with compiled view: '/Views/_ViewStart.cshtml'.
2022-12-15 14:57:54.208 +05:30  DBG  Initializing Razor view compiler with compiled view: '/Views/Shared/_Layout.cshtml'.
2022-12-15 14:57:54.217 +05:30  DBG  Registered model binder providers, in the following order: ["Microsoft.AspNetCore.Mvc.ModelBinding.Binders.BinderTypeModelBinderProvider","Microsoft.AspNetCore.Mvc.ModelBinding.Binders.ServicesModelBinderProvider","Microsoft.AspNetCore.Mvc.ModelBinding.Binders.BodyModelBinderProvider","Microsoft.AspNetCore.Mvc.ModelBinding.Binders.HeaderModelBinderProvider","Microsoft.AspNetCore.Mvc.ModelBinding.Binders.FloatingPointTypeModelBinderProvider","Microsoft.AspNetCore.Mvc.ModelBinding.Binders.EnumTypeModelBinderProvider","Microsoft.AspNetCore.Mvc.ModelBinding.Binders.DateTimeModelBinderProvider","Microsoft.AspNetCore.Mvc.ModelBinding.Binders.SimpleTypeModelBinderProvider","Microsoft.AspNetCore.Mvc.ModelBinding.Binders.CancellationTokenModelBinderProvider","Microsoft.AspNetCore.Mvc.ModelBinding.Binders.ByteArrayModelBinderProvider","Microsoft.AspNetCore.Mvc.ModelBinding.Binders.FormFileModelBinderProvider","Microsoft.AspNetCore.Mvc.ModelBinding.Binders.FormCollectionModelBinderProvider","Microsoft.AspNetCore.Mvc.ModelBinding.Binders.KeyValuePairModelBinderProvider","Microsoft.AspNetCore.Mvc.ModelBinding.Binders.DictionaryModelBinderProvider","Microsoft.AspNetCore.Mvc.ModelBinding.Binders.ArrayModelBinderProvider","Microsoft.AspNetCore.Mvc.ModelBinding.Binders.CollectionModelBinderProvider","Microsoft.AspNetCore.Mvc.ModelBinding.Binders.ComplexObjectModelBinderProvider"]
2022-12-15 14:57:54.391 +05:30  DBG  Hosting starting
2022-12-15 14:57:54.550 +05:30  INF  User profile is available. Using 'C:\Users\raksha_ganyarpawar\AppData\Local\ASP.NET\DataProtection-Keys' as key repository and Windows DPAPI to encrypt keys at rest.
2022-12-15 14:57:54.554 +05:30  DBG  Reading data from file 'C:\Users\raksha_ganyarpawar\AppData\Local\ASP.NET\DataProtection-Keys\key-79ad8948-c6a7-4098-9250-f7b29548ac6d.xml'.
2022-12-15 14:57:54.570 +05:30  DBG  Reading data from file 'C:\Users\raksha_ganyarpawar\AppData\Local\ASP.NET\DataProtection-Keys\key-fcbc33c9-fbe1-4aff-8638-219c50a28b3b.xml'.
2022-12-15 14:57:54.581 +05:30  DBG  Found key {79ad8948-c6a7-4098-9250-f7b29548ac6d}.
2022-12-15 14:57:54.583 +05:30  DBG  Found key {fcbc33c9-fbe1-4aff-8638-219c50a28b3b}.
2022-12-15 14:57:54.588 +05:30  DBG  Considering key {79ad8948-c6a7-4098-9250-f7b29548ac6d} with expiration date 2023-01-30 18:09:53Z as default key.
2022-12-15 14:57:54.589 +05:30  DBG  Forwarded activator type request from Microsoft.AspNetCore.DataProtection.XmlEncryption.DpapiXmlDecryptor, Microsoft.AspNetCore.DataProtection, Version=6.0.0.0, Culture=neutral, PublicKeyToken=adb9793829ddae60 to Microsoft.AspNetCore.DataProtection.XmlEncryption.DpapiXmlDecryptor, Microsoft.AspNetCore.DataProtection, Culture=neutral, PublicKeyToken=adb9793829ddae60
2022-12-15 14:57:54.592 +05:30  DBG  Decrypting secret element using Windows DPAPI.
2022-12-15 14:57:54.594 +05:30  DBG  Forwarded activator type request from Microsoft.AspNetCore.DataProtection.AuthenticatedEncryption.ConfigurationModel.AuthenticatedEncryptorDescriptorDeserializer, Microsoft.AspNetCore.DataProtection, Version=6.0.0.0, Culture=neutral, PublicKeyToken=adb9793829ddae60 to Microsoft.AspNetCore.DataProtection.AuthenticatedEncryption.ConfigurationModel.AuthenticatedEncryptorDescriptorDeserializer, Microsoft.AspNetCore.DataProtection, Culture=neutral, PublicKeyToken=adb9793829ddae60
2022-12-15 14:57:54.600 +05:30  DBG  Opening CNG algorithm 'AES' from provider 'null' with chaining mode CBC.
2022-12-15 14:57:54.603 +05:30  DBG  Opening CNG algorithm 'SHA256' from provider 'null' with HMAC.
2022-12-15 14:57:54.606 +05:30  DBG  Using key {79ad8948-c6a7-4098-9250-f7b29548ac6d} as the default key.
2022-12-15 14:57:54.606 +05:30  DBG  Key ring with default key {79ad8948-c6a7-4098-9250-f7b29548ac6d} was loaded during application startup.
2022-12-15 14:57:54.963 +05:30  DBG  Using development certificate: CN=localhost (Thumbprint: 4C51C087C884AD5F8F0F2241CBD89F90FD775F40)
2022-12-15 14:57:55.083 +05:30  INF  Now listening on: https://localhost:7119
2022-12-15 14:57:55.083 +05:30  INF  Now listening on: http://localhost:5119
2022-12-15 14:57:55.083 +05:30  DBG  Loaded hosting startup assembly FoodDeliveryApplication
2022-12-15 14:57:55.083 +05:30  DBG  Loaded hosting startup assembly Microsoft.AspNetCore.Watch.BrowserRefresh
2022-12-15 14:57:55.083 +05:30  DBG  Loaded hosting startup assembly Microsoft.WebTools.BrowserLink.Net
2022-12-15 14:57:55.083 +05:30  INF  Application started. Press Ctrl+C to shut down.
2022-12-15 14:57:55.083 +05:30  INF  Hosting environment: Development
2022-12-15 14:57:55.083 +05:30  INF  Content root path: C:\Users\raksha_ganyarpawar\source\repos\FoodDeliveryApplication\FoodDeliveryApplication\
2022-12-15 14:57:55.083 +05:30  DBG  Hosting started
2022-12-15 14:57:55.317 +05:30  DBG  Connection id "0HMMUFQIQPKLN" accepted.
2022-12-15 14:57:55.317 +05:30  DBG  Connection id "0HMMUFQIQPKLN" started.
2022-12-15 14:57:55.326 +05:30  DBG  Connection id "0HMMUFQIQPKLO" accepted.
2022-12-15 14:57:55.326 +05:30  DBG  Connection id "0HMMUFQIQPKLO" started.
2022-12-15 14:57:55.344 +05:30  DBG  Connection id "0HMMUFQIQPKLO" received FIN.
2022-12-15 14:57:55.344 +05:30  DBG  Connection id "0HMMUFQIQPKLN" received FIN.
2022-12-15 14:57:55.348 +05:30  DBG  Failed to authenticate HTTPS connection.System.IO.IOException:  Received an unexpected EOF or 0 bytes from the transport stream.
   at System.Net.Security.SslStream.<FillHandshakeBufferAsync>g__InternalFillHandshakeBufferAsync|189_0[TIOAdapter](TIOAdapter adap, ValueTask`1 task, Int32 minSize)
   at System.Net.Security.SslStream.ReceiveBlobAsync[TIOAdapter](TIOAdapter adapter)
   at System.Net.Security.SslStream.ForceAuthenticationAsync[TIOAdapter](TIOAdapter adapter, Boolean receiveFirst, Byte[] reAuthenticationData, Boolean isApm)
   at Microsoft.AspNetCore.Server.Kestrel.Https.Internal.HttpsConnectionMiddleware.OnConnectionAsync(ConnectionContext context)

2022-12-15 14:57:55.348 +05:30  DBG  Failed to authenticate HTTPS connection.System.IO.IOException:  Received an unexpected EOF or 0 bytes from the transport stream.
   at System.Net.Security.SslStream.<FillHandshakeBufferAsync>g__InternalFillHandshakeBufferAsync|189_0[TIOAdapter](TIOAdapter adap, ValueTask`1 task, Int32 minSize)
   at System.Net.Security.SslStream.ReceiveBlobAsync[TIOAdapter](TIOAdapter adapter)
   at System.Net.Security.SslStream.ForceAuthenticationAsync[TIOAdapter](TIOAdapter adapter, Boolean receiveFirst, Byte[] reAuthenticationData, Boolean isApm)
   at Microsoft.AspNetCore.Server.Kestrel.Https.Internal.HttpsConnectionMiddleware.OnConnectionAsync(ConnectionContext context)

2022-12-15 14:57:55.470 +05:30  DBG  Connection id "0HMMUFQIQPKLN" stopped.
2022-12-15 14:57:55.470 +05:30  DBG  Connection id "0HMMUFQIQPKLO" stopped.
2022-12-15 14:57:55.471 +05:30  DBG  Connection id "0HMMUFQIQPKLO" sending FIN because: "The Socket transport's send loop completed gracefully."
2022-12-15 14:57:55.471 +05:30  DBG  Connection id "0HMMUFQIQPKLN" sending FIN because: "The Socket transport's send loop completed gracefully."
2022-12-15 14:57:56.751 +05:30  DBG  Connection id "0HMMUFQIQPKLP" accepted.
2022-12-15 14:57:56.754 +05:30  DBG  Connection id "0HMMUFQIQPKLP" started.
2022-12-15 14:57:56.922 +05:30  DBG  Connection 0HMMUFQIQPKLP established using the following protocol: "Tls13"
2022-12-15 14:57:56.998 +05:30  INF  Request starting HTTP/2 GET https://localhost:7119/ - -
2022-12-15 14:57:57.064 +05:30  DBG  Wildcard detected, all requests with hosts will be allowed.
2022-12-15 14:57:57.066 +05:30  DBG  The request path / does not match a supported file type
2022-12-15 14:57:57.128 +05:30  DBG  1 candidate(s) found for the request path '/'
2022-12-15 14:57:57.135 +05:30  DBG  Endpoint 'FoodDeliveryApplication.Controllers.HomeController.Index (FoodDeliveryApplication)' with route pattern '{controller=Home}/{action=Index}/{id?}' is valid for the request path '/'
2022-12-15 14:57:57.136 +05:30  DBG  Request matched endpoint 'FoodDeliveryApplication.Controllers.HomeController.Index (FoodDeliveryApplication)'
2022-12-15 14:57:57.144 +05:30  INF  Executing endpoint 'FoodDeliveryApplication.Controllers.HomeController.Index (FoodDeliveryApplication)'
2022-12-15 14:57:57.179 +05:30  INF  Route matched with {action = "Index", controller = "Home"}. Executing controller action with signature Microsoft.AspNetCore.Mvc.IActionResult Index() on controller FoodDeliveryApplication.Controllers.HomeController (FoodDeliveryApplication).
2022-12-15 14:57:57.180 +05:30  DBG  Execution plan of authorization filters (in the following order): ["None"]
2022-12-15 14:57:57.180 +05:30  DBG  Execution plan of resource filters (in the following order): ["Microsoft.AspNetCore.Mvc.ViewFeatures.Filters.SaveTempDataFilter"]
2022-12-15 14:57:57.180 +05:30  DBG  Execution plan of action filters (in the following order): ["Microsoft.AspNetCore.Mvc.Filters.ControllerActionFilter (Order: -2147483648)","Microsoft.AspNetCore.Mvc.ModelBinding.UnsupportedContentTypeFilter (Order: -3000)"]
2022-12-15 14:57:57.180 +05:30  DBG  Execution plan of exception filters (in the following order): ["None"]
2022-12-15 14:57:57.180 +05:30  DBG  Execution plan of result filters (in the following order): ["Microsoft.AspNetCore.Mvc.ViewFeatures.Filters.SaveTempDataFilter"]
2022-12-15 14:57:57.182 +05:30  DBG  Executing controller factory for controller FoodDeliveryApplication.Controllers.HomeController (FoodDeliveryApplication)
2022-12-15 14:57:57.182 +05:30  DBG  Executed controller factory for controller FoodDeliveryApplication.Controllers.HomeController (FoodDeliveryApplication)
2022-12-15 14:57:57.186 +05:30  DBG  View lookup cache miss for view 'Index' in controller 'Home'.
2022-12-15 14:57:57.193 +05:30  INF  Executing ViewResult, running view Index.
2022-12-15 14:57:57.200 +05:30  DBG  The view path '/Views/Home/Index.cshtml' was found in 7.5398ms.
2022-12-15 14:57:57.275 +05:30  DBG  View lookup cache miss for view '_Layout' in controller 'Home'.
2022-12-15 14:57:57.328 +05:30  DBG  Found the endpoints ["Route: {controller=Home}/{action=Index}/{id?}"] for address Microsoft.AspNetCore.Routing.RouteValuesAddress
2022-12-15 14:57:57.336 +05:30  DBG  Successfully processed template {controller=Home}/{action=Index}/{id?} for Route: {controller=Home}/{action=Index}/{id?} resulting in  and 
2022-12-15 14:57:57.337 +05:30  DBG  Link generation succeeded for endpoints ["Route: {controller=Home}/{action=Index}/{id?}"] with result /
2022-12-15 14:57:57.338 +05:30  DBG  Found the endpoints ["Route: {controller=Home}/{action=Index}/{id?}"] for address Microsoft.AspNetCore.Routing.RouteValuesAddress
2022-12-15 14:57:57.338 +05:30  DBG  Successfully processed template {controller=Home}/{action=Index}/{id?} for Route: {controller=Home}/{action=Index}/{id?} resulting in  and 
2022-12-15 14:57:57.338 +05:30  DBG  Link generation succeeded for endpoints ["Route: {controller=Home}/{action=Index}/{id?}"] with result /
2022-12-15 14:57:57.339 +05:30  DBG  Found the endpoints ["Route: {controller=Home}/{action=Index}/{id?}"] for address Microsoft.AspNetCore.Routing.RouteValuesAddress
2022-12-15 14:57:57.339 +05:30  DBG  Successfully processed template {controller=Home}/{action=Index}/{id?} for Route: {controller=Home}/{action=Index}/{id?} resulting in /FoodSite/CreateAccount and 
2022-12-15 14:57:57.339 +05:30  DBG  Link generation succeeded for endpoints ["Route: {controller=Home}/{action=Index}/{id?}"] with result /FoodSite/CreateAccount
2022-12-15 14:57:57.340 +05:30  DBG  Found the endpoints ["Route: {controller=Home}/{action=Index}/{id?}"] for address Microsoft.AspNetCore.Routing.RouteValuesAddress
2022-12-15 14:57:57.340 +05:30  DBG  Successfully processed template {controller=Home}/{action=Index}/{id?} for Route: {controller=Home}/{action=Index}/{id?} resulting in /FoodSite/Login and 
2022-12-15 14:57:57.340 +05:30  DBG  Link generation succeeded for endpoints ["Route: {controller=Home}/{action=Index}/{id?}"] with result /FoodSite/Login
2022-12-15 14:57:57.342 +05:30  DBG  View lookup cache miss for view '_Notification' in controller 'Home'.
2022-12-15 14:57:57.345 +05:30  DBG  The temp data cookie .AspNetCore.Mvc.CookieTempDataProvider was not found.
2022-12-15 14:57:57.346 +05:30  DBG  Found the endpoints ["Route: {controller=Home}/{action=Index}/{id?}"] for address Microsoft.AspNetCore.Routing.RouteValuesAddress
2022-12-15 14:57:57.346 +05:30  DBG  Successfully processed template {controller=Home}/{action=Index}/{id?} for Route: {controller=Home}/{action=Index}/{id?} resulting in /Home/Privacy and 
2022-12-15 14:57:57.346 +05:30  DBG  Link generation succeeded for endpoints ["Route: {controller=Home}/{action=Index}/{id?}"] with result /Home/Privacy
2022-12-15 14:57:57.682 +05:30  INF  Executed ViewResult - view Index executed in 496.6025ms.
2022-12-15 14:57:57.688 +05:30  INF  Executed action FoodDeliveryApplication.Controllers.HomeController.Index (FoodDeliveryApplication) in 506.9626ms
2022-12-15 14:57:57.688 +05:30  INF  Executed endpoint 'FoodDeliveryApplication.Controllers.HomeController.Index (FoodDeliveryApplication)'
2022-12-15 14:57:57.699 +05:30  DBG  Response markup is scheduled to include browser refresh script injection.
2022-12-15 14:57:57.710 +05:30  DBG  Response markup was updated to include browser refresh script injection.
2022-12-15 14:57:57.715 +05:30  INF  Request finished HTTP/2 GET https://localhost:7119/ - - - 200 - text/html;+charset=utf-8 722.4637ms
2022-12-15 14:57:57.750 +05:30  INF  Request starting HTTP/2 GET https://localhost:7119/FoodDeliveryApplication.styles.css?v=9WVtNtbZWdlZSPUDo4l82Dg0Je6d9AMvAXr4GBHw4C4 - -
2022-12-15 14:57:57.750 +05:30  INF  Request starting HTTP/2 GET https://localhost:7119/_framework/aspnetcore-browser-refresh.js - -
2022-12-15 14:57:57.751 +05:30  INF  Request starting HTTP/2 GET https://localhost:7119/scss/index.css - -
2022-12-15 14:57:57.758 +05:30  INF  Request starting HTTP/2 GET https://localhost:7119/_vs/browserLink - -
2022-12-15 14:57:57.759 +05:30  INF  Request finished HTTP/2 GET https://localhost:7119/_framework/aspnetcore-browser-refresh.js - - - 200 12016 application/javascript;+charset=utf-8 8.2080ms
2022-12-15 14:57:57.773 +05:30  INF  The file /scss/index.css was not modified
2022-12-15 14:57:57.774 +05:30  DBG  Handled. Status code: 304 File: /scss/index.css
2022-12-15 14:57:57.789 +05:30  INF  Request finished HTTP/2 GET https://localhost:7119/scss/index.css - - - 304 - text/css 38.5518ms
2022-12-15 14:57:57.792 +05:30  INF  Sending file. Request path: '/FoodDeliveryApplication.styles.css'. Physical path: 'C:\Users\raksha_ganyarpawar\source\repos\FoodDeliveryApplication\FoodDeliveryApplication\obj\Debug\net6.0\scopedcss\bundle\FoodDeliveryApplication.styles.css'
2022-12-15 14:57:57.792 +05:30  INF  Request finished HTTP/2 GET https://localhost:7119/FoodDeliveryApplication.styles.css?v=9WVtNtbZWdlZSPUDo4l82Dg0Je6d9AMvAXr4GBHw4C4 - - - 200 1140 text/css 41.5135ms
2022-12-15 14:57:57.796 +05:30  INF  Request finished HTTP/2 GET https://localhost:7119/_vs/browserLink - - - 200 - text/javascript;+charset=UTF-8 38.2859ms
2022-12-15 14:58:17.022 +05:30  INF  Request starting HTTP/2 GET https://localhost:7119/FoodSite/Restaurants - -
2022-12-15 14:58:17.023 +05:30  DBG  The request path /FoodSite/Restaurants does not match a supported file type
2022-12-15 14:58:17.024 +05:30  DBG  1 candidate(s) found for the request path '/FoodSite/Restaurants'
2022-12-15 14:58:17.024 +05:30  DBG  Endpoint 'FoodDeliveryApplication.Controllers.FoodSiteController.Restaurants (FoodDeliveryApplication)' with route pattern '{controller=Home}/{action=Index}/{id?}' is valid for the request path '/FoodSite/Restaurants'
2022-12-15 14:58:17.024 +05:30  DBG  Request matched endpoint 'FoodDeliveryApplication.Controllers.FoodSiteController.Restaurants (FoodDeliveryApplication)'
2022-12-15 14:58:17.025 +05:30  INF  Executing endpoint 'FoodDeliveryApplication.Controllers.FoodSiteController.Restaurants (FoodDeliveryApplication)'
2022-12-15 14:58:17.033 +05:30  INF  Route matched with {action = "Restaurants", controller = "FoodSite"}. Executing controller action with signature System.Threading.Tasks.Task`1[Microsoft.AspNetCore.Mvc.IActionResult] Restaurants() on controller FoodDeliveryApplication.Controllers.FoodSiteController (FoodDeliveryApplication).
2022-12-15 14:58:17.033 +05:30  DBG  Execution plan of authorization filters (in the following order): ["None"]
2022-12-15 14:58:17.033 +05:30  DBG  Execution plan of resource filters (in the following order): ["Microsoft.AspNetCore.Mvc.ViewFeatures.Filters.SaveTempDataFilter"]
2022-12-15 14:58:17.033 +05:30  DBG  Execution plan of action filters (in the following order): ["Microsoft.AspNetCore.Mvc.Filters.ControllerActionFilter (Order: -2147483648)","Microsoft.AspNetCore.Mvc.ModelBinding.UnsupportedContentTypeFilter (Order: -3000)"]
2022-12-15 14:58:17.033 +05:30  DBG  Execution plan of exception filters (in the following order): ["FoodDeliveryApplication.CustomExceptionFilter"]
2022-12-15 14:58:17.033 +05:30  DBG  Execution plan of result filters (in the following order): ["Microsoft.AspNetCore.Mvc.ViewFeatures.Filters.SaveTempDataFilter"]
2022-12-15 14:58:17.033 +05:30  DBG  Executing controller factory for controller FoodDeliveryApplication.Controllers.FoodSiteController (FoodDeliveryApplication)
2022-12-15 14:58:17.406 +05:30  DBG  Executed controller factory for controller FoodDeliveryApplication.Controllers.FoodSiteController (FoodDeliveryApplication)
2022-12-15 14:58:21.559 +05:30  DBG  Request was short circuited at exception filter 'FoodDeliveryApplication.CustomExceptionFilter'.
2022-12-15 14:58:21.559 +05:30  DBG  View lookup cache miss for view 'Error' in controller 'FoodSite'.
2022-12-15 14:58:21.559 +05:30  INF  Executing ViewResult, running view Error.
2022-12-15 14:58:21.559 +05:30  DBG  The view path '/Views/Shared/Error.cshtml' was found in 0.6408ms.
2022-12-15 14:58:21.581 +05:30  DBG  View lookup cache miss for view '_Layout' in controller 'FoodSite'.
2022-12-15 14:58:21.582 +05:30  DBG  Found the endpoints ["Route: {controller=Home}/{action=Index}/{id?}"] for address Microsoft.AspNetCore.Routing.RouteValuesAddress
2022-12-15 14:58:21.582 +05:30  DBG  Successfully processed template {controller=Home}/{action=Index}/{id?} for Route: {controller=Home}/{action=Index}/{id?} resulting in  and 
2022-12-15 14:58:21.582 +05:30  DBG  Link generation succeeded for endpoints ["Route: {controller=Home}/{action=Index}/{id?}"] with result /
2022-12-15 14:58:21.582 +05:30  DBG  Found the endpoints ["Route: {controller=Home}/{action=Index}/{id?}"] for address Microsoft.AspNetCore.Routing.RouteValuesAddress
2022-12-15 14:58:21.582 +05:30  DBG  Successfully processed template {controller=Home}/{action=Index}/{id?} for Route: {controller=Home}/{action=Index}/{id?} resulting in  and 
2022-12-15 14:58:21.582 +05:30  DBG  Link generation succeeded for endpoints ["Route: {controller=Home}/{action=Index}/{id?}"] with result /
2022-12-15 14:58:21.582 +05:30  DBG  Found the endpoints ["Route: {controller=Home}/{action=Index}/{id?}"] for address Microsoft.AspNetCore.Routing.RouteValuesAddress
2022-12-15 14:58:21.582 +05:30  DBG  Successfully processed template {controller=Home}/{action=Index}/{id?} for Route: {controller=Home}/{action=Index}/{id?} resulting in /FoodSite/CreateAccount and 
2022-12-15 14:58:21.582 +05:30  DBG  Link generation succeeded for endpoints ["Route: {controller=Home}/{action=Index}/{id?}"] with result /FoodSite/CreateAccount
2022-12-15 14:58:21.582 +05:30  DBG  Found the endpoints ["Route: {controller=Home}/{action=Index}/{id?}"] for address Microsoft.AspNetCore.Routing.RouteValuesAddress
2022-12-15 14:58:21.582 +05:30  DBG  Successfully processed template {controller=Home}/{action=Index}/{id?} for Route: {controller=Home}/{action=Index}/{id?} resulting in /FoodSite/Login and 
2022-12-15 14:58:21.582 +05:30  DBG  Link generation succeeded for endpoints ["Route: {controller=Home}/{action=Index}/{id?}"] with result /FoodSite/Login
2022-12-15 14:58:21.582 +05:30  DBG  View lookup cache miss for view '_Notification' in controller 'FoodSite'.
2022-12-15 14:58:21.582 +05:30  DBG  The temp data cookie .AspNetCore.Mvc.CookieTempDataProvider was not found.
2022-12-15 14:58:21.582 +05:30  DBG  Found the endpoints ["Route: {controller=Home}/{action=Index}/{id?}"] for address Microsoft.AspNetCore.Routing.RouteValuesAddress
2022-12-15 14:58:21.582 +05:30  DBG  Successfully processed template {controller=Home}/{action=Index}/{id?} for Route: {controller=Home}/{action=Index}/{id?} resulting in /Home/Privacy and 
2022-12-15 14:58:21.582 +05:30  DBG  Link generation succeeded for endpoints ["Route: {controller=Home}/{action=Index}/{id?}"] with result /Home/Privacy
2022-12-15 14:58:21.586 +05:30  INF  Executed ViewResult - view Error executed in 27.473ms.
2022-12-15 14:58:21.587 +05:30  INF  Executed action FoodDeliveryApplication.Controllers.FoodSiteController.Restaurants (FoodDeliveryApplication) in 4553.7615ms
2022-12-15 14:58:21.587 +05:30  INF  Executed endpoint 'FoodDeliveryApplication.Controllers.FoodSiteController.Restaurants (FoodDeliveryApplication)'
2022-12-15 14:58:21.587 +05:30  DBG  Response markup is scheduled to include browser refresh script injection.
2022-12-15 14:58:21.588 +05:30  DBG  Response markup was updated to include browser refresh script injection.
2022-12-15 14:58:21.588 +05:30  INF  Request finished HTTP/2 GET https://localhost:7119/FoodSite/Restaurants - - - 200 - text/html;+charset=utf-8 4565.7951ms
2022-12-15 14:58:21.622 +05:30  INF  Request starting HTTP/2 GET https://localhost:7119/_vs/browserLink - -
2022-12-15 14:58:21.622 +05:30  INF  Request starting HTTP/2 GET https://localhost:7119/FoodDeliveryApplication.styles.css?v=9WVtNtbZWdlZSPUDo4l82Dg0Je6d9AMvAXr4GBHw4C4 - -
2022-12-15 14:58:21.622 +05:30  INF  Request starting HTTP/2 GET https://localhost:7119/_framework/aspnetcore-browser-refresh.js - -
2022-12-15 14:58:21.622 +05:30  INF  Request finished HTTP/2 GET https://localhost:7119/_framework/aspnetcore-browser-refresh.js - - - 200 12016 application/javascript;+charset=utf-8 0.1597ms
2022-12-15 14:58:21.622 +05:30  INF  The file /FoodDeliveryApplication.styles.css was not modified
2022-12-15 14:58:21.622 +05:30  DBG  Handled. Status code: 304 File: /FoodDeliveryApplication.styles.css
2022-12-15 14:58:21.622 +05:30  INF  Request finished HTTP/2 GET https://localhost:7119/FoodDeliveryApplication.styles.css?v=9WVtNtbZWdlZSPUDo4l82Dg0Je6d9AMvAXr4GBHw4C4 - - - 304 - text/css 0.4653ms
2022-12-15 14:58:21.630 +05:30  INF  Request finished HTTP/2 GET https://localhost:7119/_vs/browserLink - - - 200 - text/javascript;+charset=UTF-8 8.2842ms
2022-12-15 14:58:54.221 +05:30  INF  Request starting HTTP/2 GET https://localhost:7119/FoodSite/Restaurants - -
2022-12-15 14:58:54.221 +05:30  DBG  The request path /FoodSite/Restaurants does not match a supported file type
2022-12-15 14:58:54.224 +05:30  DBG  1 candidate(s) found for the request path '/FoodSite/Restaurants'
2022-12-15 14:58:54.224 +05:30  DBG  Endpoint 'FoodDeliveryApplication.Controllers.FoodSiteController.Restaurants (FoodDeliveryApplication)' with route pattern '{controller=Home}/{action=Index}/{id?}' is valid for the request path '/FoodSite/Restaurants'
2022-12-15 14:58:54.224 +05:30  DBG  Request matched endpoint 'FoodDeliveryApplication.Controllers.FoodSiteController.Restaurants (FoodDeliveryApplication)'
2022-12-15 14:58:54.224 +05:30  INF  Executing endpoint 'FoodDeliveryApplication.Controllers.FoodSiteController.Restaurants (FoodDeliveryApplication)'
2022-12-15 14:58:54.224 +05:30  INF  Route matched with {action = "Restaurants", controller = "FoodSite"}. Executing controller action with signature System.Threading.Tasks.Task`1[Microsoft.AspNetCore.Mvc.IActionResult] Restaurants() on controller FoodDeliveryApplication.Controllers.FoodSiteController (FoodDeliveryApplication).
2022-12-15 14:58:54.225 +05:30  DBG  Execution plan of authorization filters (in the following order): ["None"]
2022-12-15 14:58:54.225 +05:30  DBG  Execution plan of resource filters (in the following order): ["Microsoft.AspNetCore.Mvc.ViewFeatures.Filters.SaveTempDataFilter"]
2022-12-15 14:58:54.225 +05:30  DBG  Execution plan of action filters (in the following order): ["Microsoft.AspNetCore.Mvc.Filters.ControllerActionFilter (Order: -2147483648)","Microsoft.AspNetCore.Mvc.ModelBinding.UnsupportedContentTypeFilter (Order: -3000)"]
2022-12-15 14:58:54.225 +05:30  DBG  Execution plan of exception filters (in the following order): ["FoodDeliveryApplication.CustomExceptionFilter"]
2022-12-15 14:58:54.225 +05:30  DBG  Execution plan of result filters (in the following order): ["Microsoft.AspNetCore.Mvc.ViewFeatures.Filters.SaveTempDataFilter"]
2022-12-15 14:58:54.225 +05:30  DBG  Executing controller factory for controller FoodDeliveryApplication.Controllers.FoodSiteController (FoodDeliveryApplication)
2022-12-15 14:58:54.230 +05:30  DBG  Executed controller factory for controller FoodDeliveryApplication.Controllers.FoodSiteController (FoodDeliveryApplication)
2022-12-15 14:58:54.487 +05:30  DBG  View lookup cache miss for view 'Restaurants' in controller 'FoodSite'.
2022-12-15 14:58:54.488 +05:30  INF  Executing ViewResult, running view Restaurants.
2022-12-15 14:58:54.488 +05:30  DBG  The view path '/Views/FoodSite/Restaurants.cshtml' was found in 0.592ms.
2022-12-15 14:58:54.489 +05:30  DBG  Found the endpoints ["Route: {controller=Home}/{action=Index}/{id?}"] for address Microsoft.AspNetCore.Routing.RouteValuesAddress
2022-12-15 14:58:54.489 +05:30  DBG  Successfully processed template {controller=Home}/{action=Index}/{id?} for Route: {controller=Home}/{action=Index}/{id?} resulting in /FoodSite/Logout and 
2022-12-15 14:58:54.489 +05:30  DBG  Link generation succeeded for endpoints ["Route: {controller=Home}/{action=Index}/{id?}"] with result /FoodSite/Logout
2022-12-15 14:58:54.489 +05:30  DBG  Found the endpoints ["Route: {controller=Home}/{action=Index}/{id?}"] for address Microsoft.AspNetCore.Routing.RouteValuesAddress
2022-12-15 14:58:54.489 +05:30  DBG  Successfully processed template {controller=Home}/{action=Index}/{id?} for Route: {controller=Home}/{action=Index}/{id?} resulting in /FoodSite/OrderStatus and 
2022-12-15 14:58:54.489 +05:30  DBG  Link generation succeeded for endpoints ["Route: {controller=Home}/{action=Index}/{id?}"] with result /FoodSite/OrderStatus
2022-12-15 14:58:54.489 +05:30  DBG  Found the endpoints ["Route: {controller=Home}/{action=Index}/{id?}"] for address Microsoft.AspNetCore.Routing.RouteValuesAddress
2022-12-15 14:58:54.489 +05:30  DBG  Successfully processed template {controller=Home}/{action=Index}/{id?} for Route: {controller=Home}/{action=Index}/{id?} resulting in /FoodSite/Cart and 
2022-12-15 14:58:54.489 +05:30  DBG  Link generation succeeded for endpoints ["Route: {controller=Home}/{action=Index}/{id?}"] with result /FoodSite/Cart
2022-12-15 14:58:54.490 +05:30  DBG  View lookup cache hit for view '_Layout' in controller 'FoodSite'.
2022-12-15 14:58:54.490 +05:30  DBG  Found the endpoints ["Route: {controller=Home}/{action=Index}/{id?}"] for address Microsoft.AspNetCore.Routing.RouteValuesAddress
2022-12-15 14:58:54.490 +05:30  DBG  Successfully processed template {controller=Home}/{action=Index}/{id?} for Route: {controller=Home}/{action=Index}/{id?} resulting in  and 
2022-12-15 14:58:54.490 +05:30  DBG  Link generation succeeded for endpoints ["Route: {controller=Home}/{action=Index}/{id?}"] with result /
2022-12-15 14:58:54.490 +05:30  DBG  Found the endpoints ["Route: {controller=Home}/{action=Index}/{id?}"] for address Microsoft.AspNetCore.Routing.RouteValuesAddress
2022-12-15 14:58:54.490 +05:30  DBG  Successfully processed template {controller=Home}/{action=Index}/{id?} for Route: {controller=Home}/{action=Index}/{id?} resulting in  and 
2022-12-15 14:58:54.490 +05:30  DBG  Link generation succeeded for endpoints ["Route: {controller=Home}/{action=Index}/{id?}"] with result /
2022-12-15 14:58:54.490 +05:30  DBG  Found the endpoints ["Route: {controller=Home}/{action=Index}/{id?}"] for address Microsoft.AspNetCore.Routing.RouteValuesAddress
2022-12-15 14:58:54.490 +05:30  DBG  Successfully processed template {controller=Home}/{action=Index}/{id?} for Route: {controller=Home}/{action=Index}/{id?} resulting in /FoodSite/CreateAccount and 
2022-12-15 14:58:54.490 +05:30  DBG  Link generation succeeded for endpoints ["Route: {controller=Home}/{action=Index}/{id?}"] with result /FoodSite/CreateAccount
2022-12-15 14:58:54.490 +05:30  DBG  Found the endpoints ["Route: {controller=Home}/{action=Index}/{id?}"] for address Microsoft.AspNetCore.Routing.RouteValuesAddress
2022-12-15 14:58:54.490 +05:30  DBG  Successfully processed template {controller=Home}/{action=Index}/{id?} for Route: {controller=Home}/{action=Index}/{id?} resulting in /FoodSite/Login and 
2022-12-15 14:58:54.490 +05:30  DBG  Link generation succeeded for endpoints ["Route: {controller=Home}/{action=Index}/{id?}"] with result /FoodSite/Login
2022-12-15 14:58:54.490 +05:30  DBG  View lookup cache hit for view '_Notification' in controller 'FoodSite'.
2022-12-15 14:58:54.490 +05:30  DBG  The temp data cookie .AspNetCore.Mvc.CookieTempDataProvider was not found.
2022-12-15 14:58:54.490 +05:30  DBG  Found the endpoints ["Route: {controller=Home}/{action=Index}/{id?}"] for address Microsoft.AspNetCore.Routing.RouteValuesAddress
2022-12-15 14:58:54.490 +05:30  DBG  Successfully processed template {controller=Home}/{action=Index}/{id?} for Route: {controller=Home}/{action=Index}/{id?} resulting in /Home/Privacy and 
2022-12-15 14:58:54.490 +05:30  DBG  Link generation succeeded for endpoints ["Route: {controller=Home}/{action=Index}/{id?}"] with result /Home/Privacy
2022-12-15 14:58:54.494 +05:30  INF  Executed ViewResult - view Restaurants executed in 6.5394ms.
2022-12-15 14:58:54.494 +05:30  INF  Executed action FoodDeliveryApplication.Controllers.FoodSiteController.Restaurants (FoodDeliveryApplication) in 269.2767ms
2022-12-15 14:58:54.494 +05:30  INF  Executed endpoint 'FoodDeliveryApplication.Controllers.FoodSiteController.Restaurants (FoodDeliveryApplication)'
2022-12-15 14:58:54.494 +05:30  DBG  Response markup is scheduled to include browser refresh script injection.
2022-12-15 14:58:54.495 +05:30  DBG  Response markup was updated to include browser refresh script injection.
2022-12-15 14:58:54.495 +05:30  INF  Request finished HTTP/2 GET https://localhost:7119/FoodSite/Restaurants - - - 200 - text/html;+charset=utf-8 273.9160ms
2022-12-15 14:58:54.526 +05:30  INF  Request starting HTTP/2 GET https://localhost:7119/FoodDeliveryApplication.styles.css?v=9WVtNtbZWdlZSPUDo4l82Dg0Je6d9AMvAXr4GBHw4C4 - -
2022-12-15 14:58:54.526 +05:30  INF  The file /FoodDeliveryApplication.styles.css was not modified
2022-12-15 14:58:54.526 +05:30  DBG  Handled. Status code: 304 File: /FoodDeliveryApplication.styles.css
2022-12-15 14:58:54.526 +05:30  INF  Request finished HTTP/2 GET https://localhost:7119/FoodDeliveryApplication.styles.css?v=9WVtNtbZWdlZSPUDo4l82Dg0Je6d9AMvAXr4GBHw4C4 - - - 304 - text/css 0.4874ms
2022-12-15 14:58:54.526 +05:30  INF  Request starting HTTP/2 GET https://localhost:7119/_framework/aspnetcore-browser-refresh.js - -
2022-12-15 14:58:54.527 +05:30  INF  Request finished HTTP/2 GET https://localhost:7119/_framework/aspnetcore-browser-refresh.js - - - 200 12016 application/javascript;+charset=utf-8 0.1311ms
2022-12-15 14:58:54.527 +05:30  INF  Request starting HTTP/2 GET https://localhost:7119/_vs/browserLink - -
2022-12-15 14:58:54.538 +05:30  INF  Request finished HTTP/2 GET https://localhost:7119/_vs/browserLink - - - 200 - text/javascript;+charset=UTF-8 11.0401ms
2022-12-15 14:59:15.497 +05:30  INF  Request starting HTTP/2 GET https://localhost:7119/FoodDeliveryApplication.styles.css?v=9WVtNtbZWdlZSPUDo4l82Dg0Je6d9AMvAXr4GBHw4C4 - -
2022-12-15 14:59:15.497 +05:30  INF  The file /FoodDeliveryApplication.styles.css was not modified
2022-12-15 14:59:15.497 +05:30  DBG  Handled. Status code: 304 File: /FoodDeliveryApplication.styles.css
2022-12-15 14:59:15.497 +05:30  INF  Request finished HTTP/2 GET https://localhost:7119/FoodDeliveryApplication.styles.css?v=9WVtNtbZWdlZSPUDo4l82Dg0Je6d9AMvAXr4GBHw4C4 - - - 304 - text/css 0.4586ms
2022-12-15 14:59:15.611 +05:30  INF  Request starting HTTP/2 GET https://localhost:7119/lib/bootstrap/dist/css/bootstrap.min.css.map - -
2022-12-15 14:59:15.653 +05:30  INF  Sending file. Request path: '/lib/bootstrap/dist/css/bootstrap.min.css.map'. Physical path: 'C:\Users\raksha_ganyarpawar\source\repos\FoodDeliveryApplication\FoodDeliveryApplication\wwwroot\lib\bootstrap\dist\css\bootstrap.min.css.map'
2022-12-15 14:59:15.653 +05:30  INF  Request finished HTTP/2 GET https://localhost:7119/lib/bootstrap/dist/css/bootstrap.min.css.map - - - 200 449111 text/plain 42.3587ms
2022-12-15 14:59:32.740 +05:30  INF  Request starting HTTP/2 GET https://localhost:7119/FoodSite/Restaurants - -
2022-12-15 14:59:32.741 +05:30  DBG  The request path /FoodSite/Restaurants does not match a supported file type
2022-12-15 14:59:32.741 +05:30  DBG  1 candidate(s) found for the request path '/FoodSite/Restaurants'
2022-12-15 14:59:32.741 +05:30  DBG  Endpoint 'FoodDeliveryApplication.Controllers.FoodSiteController.Restaurants (FoodDeliveryApplication)' with route pattern '{controller=Home}/{action=Index}/{id?}' is valid for the request path '/FoodSite/Restaurants'
2022-12-15 14:59:32.741 +05:30  DBG  Request matched endpoint 'FoodDeliveryApplication.Controllers.FoodSiteController.Restaurants (FoodDeliveryApplication)'
2022-12-15 14:59:32.741 +05:30  INF  Executing endpoint 'FoodDeliveryApplication.Controllers.FoodSiteController.Restaurants (FoodDeliveryApplication)'
2022-12-15 14:59:32.741 +05:30  INF  Route matched with {action = "Restaurants", controller = "FoodSite"}. Executing controller action with signature System.Threading.Tasks.Task`1[Microsoft.AspNetCore.Mvc.IActionResult] Restaurants() on controller FoodDeliveryApplication.Controllers.FoodSiteController (FoodDeliveryApplication).
2022-12-15 14:59:32.741 +05:30  DBG  Execution plan of authorization filters (in the following order): ["None"]
2022-12-15 14:59:32.741 +05:30  DBG  Execution plan of resource filters (in the following order): ["Microsoft.AspNetCore.Mvc.ViewFeatures.Filters.SaveTempDataFilter"]
2022-12-15 14:59:32.741 +05:30  DBG  Execution plan of action filters (in the following order): ["Microsoft.AspNetCore.Mvc.Filters.ControllerActionFilter (Order: -2147483648)","Microsoft.AspNetCore.Mvc.ModelBinding.UnsupportedContentTypeFilter (Order: -3000)"]
2022-12-15 14:59:32.741 +05:30  DBG  Execution plan of exception filters (in the following order): ["FoodDeliveryApplication.CustomExceptionFilter"]
2022-12-15 14:59:32.741 +05:30  DBG  Execution plan of result filters (in the following order): ["Microsoft.AspNetCore.Mvc.ViewFeatures.Filters.SaveTempDataFilter"]
2022-12-15 14:59:32.741 +05:30  DBG  Executing controller factory for controller FoodDeliveryApplication.Controllers.FoodSiteController (FoodDeliveryApplication)
2022-12-15 14:59:32.747 +05:30  DBG  Executed controller factory for controller FoodDeliveryApplication.Controllers.FoodSiteController (FoodDeliveryApplication)
2022-12-15 14:59:32.763 +05:30  DBG  View lookup cache hit for view 'Restaurants' in controller 'FoodSite'.
2022-12-15 14:59:32.763 +05:30  INF  Executing ViewResult, running view Restaurants.
2022-12-15 14:59:32.763 +05:30  DBG  The view path '/Views/FoodSite/Restaurants.cshtml' was found in 0.1408ms.
2022-12-15 14:59:32.764 +05:30  DBG  Found the endpoints ["Route: {controller=Home}/{action=Index}/{id?}"] for address Microsoft.AspNetCore.Routing.RouteValuesAddress
2022-12-15 14:59:32.764 +05:30  DBG  Successfully processed template {controller=Home}/{action=Index}/{id?} for Route: {controller=Home}/{action=Index}/{id?} resulting in /FoodSite/Logout and 
2022-12-15 14:59:32.764 +05:30  DBG  Link generation succeeded for endpoints ["Route: {controller=Home}/{action=Index}/{id?}"] with result /FoodSite/Logout
2022-12-15 14:59:32.764 +05:30  DBG  Found the endpoints ["Route: {controller=Home}/{action=Index}/{id?}"] for address Microsoft.AspNetCore.Routing.RouteValuesAddress
2022-12-15 14:59:32.764 +05:30  DBG  Successfully processed template {controller=Home}/{action=Index}/{id?} for Route: {controller=Home}/{action=Index}/{id?} resulting in /FoodSite/OrderStatus and 
2022-12-15 14:59:32.764 +05:30  DBG  Link generation succeeded for endpoints ["Route: {controller=Home}/{action=Index}/{id?}"] with result /FoodSite/OrderStatus
2022-12-15 14:59:32.764 +05:30  DBG  Found the endpoints ["Route: {controller=Home}/{action=Index}/{id?}"] for address Microsoft.AspNetCore.Routing.RouteValuesAddress
2022-12-15 14:59:32.764 +05:30  DBG  Successfully processed template {controller=Home}/{action=Index}/{id?} for Route: {controller=Home}/{action=Index}/{id?} resulting in /FoodSite/Cart and 
2022-12-15 14:59:32.764 +05:30  DBG  Link generation succeeded for endpoints ["Route: {controller=Home}/{action=Index}/{id?}"] with result /FoodSite/Cart
2022-12-15 14:59:32.764 +05:30  DBG  View lookup cache hit for view '_Layout' in controller 'FoodSite'.
2022-12-15 14:59:32.764 +05:30  DBG  Found the endpoints ["Route: {controller=Home}/{action=Index}/{id?}"] for address Microsoft.AspNetCore.Routing.RouteValuesAddress
2022-12-15 14:59:32.764 +05:30  DBG  Successfully processed template {controller=Home}/{action=Index}/{id?} for Route: {controller=Home}/{action=Index}/{id?} resulting in  and 
2022-12-15 14:59:32.764 +05:30  DBG  Link generation succeeded for endpoints ["Route: {controller=Home}/{action=Index}/{id?}"] with result /
2022-12-15 14:59:32.764 +05:30  DBG  Found the endpoints ["Route: {controller=Home}/{action=Index}/{id?}"] for address Microsoft.AspNetCore.Routing.RouteValuesAddress
2022-12-15 14:59:32.764 +05:30  DBG  Successfully processed template {controller=Home}/{action=Index}/{id?} for Route: {controller=Home}/{action=Index}/{id?} resulting in  and 
2022-12-15 14:59:32.764 +05:30  DBG  Link generation succeeded for endpoints ["Route: {controller=Home}/{action=Index}/{id?}"] with result /
2022-12-15 14:59:32.764 +05:30  DBG  Found the endpoints ["Route: {controller=Home}/{action=Index}/{id?}"] for address Microsoft.AspNetCore.Routing.RouteValuesAddress
2022-12-15 14:59:32.764 +05:30  DBG  Successfully processed template {controller=Home}/{action=Index}/{id?} for Route: {controller=Home}/{action=Index}/{id?} resulting in /FoodSite/CreateAccount and 
2022-12-15 14:59:32.764 +05:30  DBG  Link generation succeeded for endpoints ["Route: {controller=Home}/{action=Index}/{id?}"] with result /FoodSite/CreateAccount
2022-12-15 14:59:32.764 +05:30  DBG  Found the endpoints ["Route: {controller=Home}/{action=Index}/{id?}"] for address Microsoft.AspNetCore.Routing.RouteValuesAddress
2022-12-15 14:59:32.764 +05:30  DBG  Successfully processed template {controller=Home}/{action=Index}/{id?} for Route: {controller=Home}/{action=Index}/{id?} resulting in /FoodSite/Login and 
2022-12-15 14:59:32.764 +05:30  DBG  Link generation succeeded for endpoints ["Route: {controller=Home}/{action=Index}/{id?}"] with result /FoodSite/Login
2022-12-15 14:59:32.764 +05:30  DBG  View lookup cache hit for view '_Notification' in controller 'FoodSite'.
2022-12-15 14:59:32.764 +05:30  DBG  The temp data cookie .AspNetCore.Mvc.CookieTempDataProvider was not found.
2022-12-15 14:59:32.764 +05:30  DBG  Found the endpoints ["Route: {controller=Home}/{action=Index}/{id?}"] for address Microsoft.AspNetCore.Routing.RouteValuesAddress
2022-12-15 14:59:32.764 +05:30  DBG  Successfully processed template {controller=Home}/{action=Index}/{id?} for Route: {controller=Home}/{action=Index}/{id?} resulting in /Home/Privacy and 
2022-12-15 14:59:32.764 +05:30  DBG  Link generation succeeded for endpoints ["Route: {controller=Home}/{action=Index}/{id?}"] with result /Home/Privacy
2022-12-15 14:59:32.767 +05:30  INF  Executed ViewResult - view Restaurants executed in 4.1398ms.
2022-12-15 14:59:32.768 +05:30  INF  Executed action FoodDeliveryApplication.Controllers.FoodSiteController.Restaurants (FoodDeliveryApplication) in 26.3851ms
2022-12-15 14:59:32.768 +05:30  INF  Executed endpoint 'FoodDeliveryApplication.Controllers.FoodSiteController.Restaurants (FoodDeliveryApplication)'
2022-12-15 14:59:32.768 +05:30  DBG  Response markup is scheduled to include browser refresh script injection.
2022-12-15 14:59:32.768 +05:30  DBG  Response markup was updated to include browser refresh script injection.
2022-12-15 14:59:32.768 +05:30  INF  Request finished HTTP/2 GET https://localhost:7119/FoodSite/Restaurants - - - 200 - text/html;+charset=utf-8 28.4336ms
2022-12-15 14:59:32.809 +05:30  INF  Request starting HTTP/2 GET https://localhost:7119/_framework/aspnetcore-browser-refresh.js - -
2022-12-15 14:59:32.809 +05:30  INF  Request finished HTTP/2 GET https://localhost:7119/_framework/aspnetcore-browser-refresh.js - - - 200 12016 application/javascript;+charset=utf-8 0.1744ms
2022-12-15 14:59:32.813 +05:30  INF  Request starting HTTP/2 GET https://localhost:7119/_vs/browserLink - -
2022-12-15 14:59:32.819 +05:30  INF  Request finished HTTP/2 GET https://localhost:7119/_vs/browserLink - - - 200 - text/javascript;+charset=UTF-8 5.4876ms
