2022-12-12 15:30:26.876 +05:30  ERR  An error encountered while processing the request
2022-12-12 15:34:40.550 +05:30  DBG  Initializing Razor view compiler with compiled view: '/Views/FoodSite/AccountCreated.cshtml'.
2022-12-12 15:34:40.581 +05:30  DBG  Initializing Razor view compiler with compiled view: '/Views/FoodSite/CancelOrder.cshtml'.
2022-12-12 15:34:40.581 +05:30  DBG  Initializing Razor view compiler with compiled view: '/Views/FoodSite/Cart.cshtml'.
2022-12-12 15:34:40.581 +05:30  DBG  Initializing Razor view compiler with compiled view: '/Views/FoodSite/CreateAccount.cshtml'.
2022-12-12 15:34:40.581 +05:30  DBG  Initializing Razor view compiler with compiled view: '/Views/FoodSite/CustomerDetails.cshtml'.
2022-12-12 15:34:40.581 +05:30  DBG  Initializing Razor view compiler with compiled view: '/Views/FoodSite/Login.cshtml'.
2022-12-12 15:34:40.581 +05:30  DBG  Initializing Razor view compiler with compiled view: '/Views/FoodSite/Menu.cshtml'.
2022-12-12 15:34:40.581 +05:30  DBG  Initializing Razor view compiler with compiled view: '/Views/FoodSite/OrderStatus.cshtml'.
2022-12-12 15:34:40.581 +05:30  DBG  Initializing Razor view compiler with compiled view: '/Views/FoodSite/PlaceOrder.cshtml'.
2022-12-12 15:34:40.581 +05:30  DBG  Initializing Razor view compiler with compiled view: '/Views/FoodSite/Restaurants.cshtml'.
2022-12-12 15:34:40.581 +05:30  DBG  Initializing Razor view compiler with compiled view: '/Views/Home/Index.cshtml'.
2022-12-12 15:34:40.581 +05:30  DBG  Initializing Razor view compiler with compiled view: '/Views/Home/Privacy.cshtml'.
2022-12-12 15:34:40.581 +05:30  DBG  Initializing Razor view compiler with compiled view: '/Views/Shared/Error.cshtml'.
2022-12-12 15:34:40.581 +05:30  DBG  Initializing Razor view compiler with compiled view: '/Views/Shared/_Notification.cshtml'.
2022-12-12 15:34:40.581 +05:30  DBG  Initializing Razor view compiler with compiled view: '/Views/Shared/_ValidationScriptsPartial.cshtml'.
2022-12-12 15:34:40.581 +05:30  DBG  Initializing Razor view compiler with compiled view: '/Views/_ViewImports.cshtml'.
2022-12-12 15:34:40.581 +05:30  DBG  Initializing Razor view compiler with compiled view: '/Views/_ViewStart.cshtml'.
2022-12-12 15:34:40.581 +05:30  DBG  Initializing Razor view compiler with compiled view: '/Views/Shared/_Layout.cshtml'.
2022-12-12 15:34:40.589 +05:30  DBG  Registered model binder providers, in the following order: ["Microsoft.AspNetCore.Mvc.ModelBinding.Binders.BinderTypeModelBinderProvider","Microsoft.AspNetCore.Mvc.ModelBinding.Binders.ServicesModelBinderProvider","Microsoft.AspNetCore.Mvc.ModelBinding.Binders.BodyModelBinderProvider","Microsoft.AspNetCore.Mvc.ModelBinding.Binders.HeaderModelBinderProvider","Microsoft.AspNetCore.Mvc.ModelBinding.Binders.FloatingPointTypeModelBinderProvider","Microsoft.AspNetCore.Mvc.ModelBinding.Binders.EnumTypeModelBinderProvider","Microsoft.AspNetCore.Mvc.ModelBinding.Binders.DateTimeModelBinderProvider","Microsoft.AspNetCore.Mvc.ModelBinding.Binders.SimpleTypeModelBinderProvider","Microsoft.AspNetCore.Mvc.ModelBinding.Binders.CancellationTokenModelBinderProvider","Microsoft.AspNetCore.Mvc.ModelBinding.Binders.ByteArrayModelBinderProvider","Microsoft.AspNetCore.Mvc.ModelBinding.Binders.FormFileModelBinderProvider","Microsoft.AspNetCore.Mvc.ModelBinding.Binders.FormCollectionModelBinderProvider","Microsoft.AspNetCore.Mvc.ModelBinding.Binders.KeyValuePairModelBinderProvider","Microsoft.AspNetCore.Mvc.ModelBinding.Binders.DictionaryModelBinderProvider","Microsoft.AspNetCore.Mvc.ModelBinding.Binders.ArrayModelBinderProvider","Microsoft.AspNetCore.Mvc.ModelBinding.Binders.CollectionModelBinderProvider","Microsoft.AspNetCore.Mvc.ModelBinding.Binders.ComplexObjectModelBinderProvider"]
2022-12-12 15:34:40.643 +05:30  DBG  Hosting starting
2022-12-12 15:34:40.694 +05:30  INF  User profile is available. Using 'C:\Users\raksha_ganyarpawar\AppData\Local\ASP.NET\DataProtection-Keys' as key repository and Windows DPAPI to encrypt keys at rest.
2022-12-12 15:34:40.696 +05:30  DBG  Reading data from file 'C:\Users\raksha_ganyarpawar\AppData\Local\ASP.NET\DataProtection-Keys\key-79ad8948-c6a7-4098-9250-f7b29548ac6d.xml'.
2022-12-12 15:34:40.700 +05:30  DBG  Reading data from file 'C:\Users\raksha_ganyarpawar\AppData\Local\ASP.NET\DataProtection-Keys\key-fcbc33c9-fbe1-4aff-8638-219c50a28b3b.xml'.
2022-12-12 15:34:40.704 +05:30  DBG  Found key {79ad8948-c6a7-4098-9250-f7b29548ac6d}.
2022-12-12 15:34:40.706 +05:30  DBG  Found key {fcbc33c9-fbe1-4aff-8638-219c50a28b3b}.
2022-12-12 15:34:40.710 +05:30  DBG  Considering key {79ad8948-c6a7-4098-9250-f7b29548ac6d} with expiration date 2023-01-30 18:09:53Z as default key.
2022-12-12 15:34:40.711 +05:30  DBG  Forwarded activator type request from Microsoft.AspNetCore.DataProtection.XmlEncryption.DpapiXmlDecryptor, Microsoft.AspNetCore.DataProtection, Version=6.0.0.0, Culture=neutral, PublicKeyToken=adb9793829ddae60 to Microsoft.AspNetCore.DataProtection.XmlEncryption.DpapiXmlDecryptor, Microsoft.AspNetCore.DataProtection, Culture=neutral, PublicKeyToken=adb9793829ddae60
2022-12-12 15:34:40.713 +05:30  DBG  Decrypting secret element using Windows DPAPI.
2022-12-12 15:34:40.714 +05:30  DBG  Forwarded activator type request from Microsoft.AspNetCore.DataProtection.AuthenticatedEncryption.ConfigurationModel.AuthenticatedEncryptorDescriptorDeserializer, Microsoft.AspNetCore.DataProtection, Version=6.0.0.0, Culture=neutral, PublicKeyToken=adb9793829ddae60 to Microsoft.AspNetCore.DataProtection.AuthenticatedEncryption.ConfigurationModel.AuthenticatedEncryptorDescriptorDeserializer, Microsoft.AspNetCore.DataProtection, Culture=neutral, PublicKeyToken=adb9793829ddae60
2022-12-12 15:34:40.718 +05:30  DBG  Opening CNG algorithm 'AES' from provider 'null' with chaining mode CBC.
2022-12-12 15:34:40.719 +05:30  DBG  Opening CNG algorithm 'SHA256' from provider 'null' with HMAC.
2022-12-12 15:34:40.720 +05:30  DBG  Using key {79ad8948-c6a7-4098-9250-f7b29548ac6d} as the default key.
2022-12-12 15:34:40.721 +05:30  DBG  Key ring with default key {79ad8948-c6a7-4098-9250-f7b29548ac6d} was loaded during application startup.
2022-12-12 15:34:40.819 +05:30  DBG  Using development certificate: CN=localhost (Thumbprint: 4C51C087C884AD5F8F0F2241CBD89F90FD775F40)
2022-12-12 15:34:40.874 +05:30  INF  Now listening on: https://localhost:7119
2022-12-12 15:34:40.874 +05:30  INF  Now listening on: http://localhost:5119
2022-12-12 15:34:40.874 +05:30  DBG  Loaded hosting startup assembly FoodDeliveryApplication
2022-12-12 15:34:40.874 +05:30  DBG  Loaded hosting startup assembly Microsoft.AspNetCore.Watch.BrowserRefresh
2022-12-12 15:34:40.874 +05:30  DBG  Loaded hosting startup assembly Microsoft.WebTools.BrowserLink.Net
2022-12-12 15:34:40.874 +05:30  INF  Application started. Press Ctrl+C to shut down.
2022-12-12 15:34:40.874 +05:30  INF  Hosting environment: Development
2022-12-12 15:34:40.874 +05:30  INF  Content root path: C:\Users\raksha_ganyarpawar\source\repos\FoodDeliveryApplication\FoodDeliveryApplication\
2022-12-12 15:34:40.874 +05:30  DBG  Hosting started
2022-12-12 15:34:40.882 +05:30  DBG  Connection id "0HMMS514GSB5E" accepted.
2022-12-12 15:34:40.883 +05:30  DBG  Connection id "0HMMS514GSB5E" started.
2022-12-12 15:34:40.887 +05:30  DBG  Connection id "0HMMS514GSB5F" accepted.
2022-12-12 15:34:40.888 +05:30  DBG  Connection id "0HMMS514GSB5F" started.
2022-12-12 15:34:40.905 +05:30  DBG  Connection id "0HMMS514GSB5E" received FIN.
2022-12-12 15:34:40.905 +05:30  DBG  Connection id "0HMMS514GSB5F" received FIN.
2022-12-12 15:34:40.908 +05:30  DBG  Failed to authenticate HTTPS connection.System.IO.IOException:  Received an unexpected EOF or 0 bytes from the transport stream.
   at System.Net.Security.SslStream.<FillHandshakeBufferAsync>g__InternalFillHandshakeBufferAsync|189_0[TIOAdapter](TIOAdapter adap, ValueTask`1 task, Int32 minSize)
   at System.Net.Security.SslStream.ReceiveBlobAsync[TIOAdapter](TIOAdapter adapter)
   at System.Net.Security.SslStream.ForceAuthenticationAsync[TIOAdapter](TIOAdapter adapter, Boolean receiveFirst, Byte[] reAuthenticationData, Boolean isApm)
   at Microsoft.AspNetCore.Server.Kestrel.Https.Internal.HttpsConnectionMiddleware.OnConnectionAsync(ConnectionContext context)

2022-12-12 15:34:40.908 +05:30  DBG  Failed to authenticate HTTPS connection.System.IO.IOException:  Received an unexpected EOF or 0 bytes from the transport stream.
   at System.Net.Security.SslStream.<FillHandshakeBufferAsync>g__InternalFillHandshakeBufferAsync|189_0[TIOAdapter](TIOAdapter adap, ValueTask`1 task, Int32 minSize)
   at System.Net.Security.SslStream.ReceiveBlobAsync[TIOAdapter](TIOAdapter adapter)
   at System.Net.Security.SslStream.ForceAuthenticationAsync[TIOAdapter](TIOAdapter adapter, Boolean receiveFirst, Byte[] reAuthenticationData, Boolean isApm)
   at Microsoft.AspNetCore.Server.Kestrel.Https.Internal.HttpsConnectionMiddleware.OnConnectionAsync(ConnectionContext context)

2022-12-12 15:34:40.957 +05:30  DBG  Connection id "0HMMS514GSB5E" stopped.
2022-12-12 15:34:40.957 +05:30  DBG  Connection id "0HMMS514GSB5F" stopped.
2022-12-12 15:34:40.958 +05:30  DBG  Connection id "0HMMS514GSB5E" sending FIN because: "The Socket transport's send loop completed gracefully."
2022-12-12 15:34:40.958 +05:30  DBG  Connection id "0HMMS514GSB5F" sending FIN because: "The Socket transport's send loop completed gracefully."
2022-12-12 15:34:41.520 +05:30  DBG  Connection id "0HMMS514GSB5G" accepted.
2022-12-12 15:34:41.520 +05:30  DBG  Connection id "0HMMS514GSB5G" started.
2022-12-12 15:34:41.580 +05:30  DBG  Connection 0HMMS514GSB5G established using the following protocol: "Tls13"
2022-12-12 15:34:41.635 +05:30  INF  Request starting HTTP/2 GET https://localhost:7119/ - -
2022-12-12 15:34:41.663 +05:30  DBG  Wildcard detected, all requests with hosts will be allowed.
2022-12-12 15:34:41.665 +05:30  DBG  The request path / does not match a supported file type
2022-12-12 15:34:41.690 +05:30  DBG  1 candidate(s) found for the request path '/'
2022-12-12 15:34:41.694 +05:30  DBG  Endpoint 'FoodDeliveryApplication.Controllers.HomeController.Index (FoodDeliveryApplication)' with route pattern '{controller=Home}/{action=Index}/{id?}' is valid for the request path '/'
2022-12-12 15:34:41.695 +05:30  DBG  Request matched endpoint 'FoodDeliveryApplication.Controllers.HomeController.Index (FoodDeliveryApplication)'
2022-12-12 15:34:41.700 +05:30  INF  Executing endpoint 'FoodDeliveryApplication.Controllers.HomeController.Index (FoodDeliveryApplication)'
2022-12-12 15:34:41.721 +05:30  INF  Route matched with {action = "Index", controller = "Home"}. Executing controller action with signature Microsoft.AspNetCore.Mvc.IActionResult Index() on controller FoodDeliveryApplication.Controllers.HomeController (FoodDeliveryApplication).
2022-12-12 15:34:41.722 +05:30  DBG  Execution plan of authorization filters (in the following order): ["None"]
2022-12-12 15:34:41.722 +05:30  DBG  Execution plan of resource filters (in the following order): ["Microsoft.AspNetCore.Mvc.ViewFeatures.Filters.SaveTempDataFilter"]
2022-12-12 15:34:41.722 +05:30  DBG  Execution plan of action filters (in the following order): ["Microsoft.AspNetCore.Mvc.Filters.ControllerActionFilter (Order: -2147483648)","Microsoft.AspNetCore.Mvc.ModelBinding.UnsupportedContentTypeFilter (Order: -3000)"]
2022-12-12 15:34:41.722 +05:30  DBG  Execution plan of exception filters (in the following order): ["None"]
2022-12-12 15:34:41.722 +05:30  DBG  Execution plan of result filters (in the following order): ["Microsoft.AspNetCore.Mvc.ViewFeatures.Filters.SaveTempDataFilter"]
2022-12-12 15:34:41.723 +05:30  DBG  Executing controller factory for controller FoodDeliveryApplication.Controllers.HomeController (FoodDeliveryApplication)
2022-12-12 15:34:41.724 +05:30  DBG  Executed controller factory for controller FoodDeliveryApplication.Controllers.HomeController (FoodDeliveryApplication)
2022-12-12 15:34:41.726 +05:30  DBG  View lookup cache miss for view 'Index' in controller 'Home'.
2022-12-12 15:34:41.734 +05:30  INF  Executing ViewResult, running view Index.
2022-12-12 15:34:41.742 +05:30  DBG  The view path '/Views/Home/Index.cshtml' was found in 8.984ms.
2022-12-12 15:34:41.786 +05:30  DBG  View lookup cache miss for view '_Layout' in controller 'Home'.
2022-12-12 15:34:41.821 +05:30  DBG  Found the endpoints ["Route: {controller=Home}/{action=Index}/{id?}"] for address Microsoft.AspNetCore.Routing.RouteValuesAddress
2022-12-12 15:34:41.827 +05:30  DBG  Successfully processed template {controller=Home}/{action=Index}/{id?} for Route: {controller=Home}/{action=Index}/{id?} resulting in  and 
2022-12-12 15:34:41.828 +05:30  DBG  Link generation succeeded for endpoints ["Route: {controller=Home}/{action=Index}/{id?}"] with result /
2022-12-12 15:34:41.831 +05:30  DBG  Found the endpoints ["Route: {controller=Home}/{action=Index}/{id?}"] for address Microsoft.AspNetCore.Routing.RouteValuesAddress
2022-12-12 15:34:41.831 +05:30  DBG  Successfully processed template {controller=Home}/{action=Index}/{id?} for Route: {controller=Home}/{action=Index}/{id?} resulting in  and 
2022-12-12 15:34:41.831 +05:30  DBG  Link generation succeeded for endpoints ["Route: {controller=Home}/{action=Index}/{id?}"] with result /
2022-12-12 15:34:41.832 +05:30  DBG  Found the endpoints ["Route: {controller=Home}/{action=Index}/{id?}"] for address Microsoft.AspNetCore.Routing.RouteValuesAddress
2022-12-12 15:34:41.832 +05:30  DBG  Successfully processed template {controller=Home}/{action=Index}/{id?} for Route: {controller=Home}/{action=Index}/{id?} resulting in /FoodSite/CreateAccount and 
2022-12-12 15:34:41.832 +05:30  DBG  Link generation succeeded for endpoints ["Route: {controller=Home}/{action=Index}/{id?}"] with result /FoodSite/CreateAccount
2022-12-12 15:34:41.832 +05:30  DBG  Found the endpoints ["Route: {controller=Home}/{action=Index}/{id?}"] for address Microsoft.AspNetCore.Routing.RouteValuesAddress
2022-12-12 15:34:41.832 +05:30  DBG  Successfully processed template {controller=Home}/{action=Index}/{id?} for Route: {controller=Home}/{action=Index}/{id?} resulting in /FoodSite/Login and 
2022-12-12 15:34:41.832 +05:30  DBG  Link generation succeeded for endpoints ["Route: {controller=Home}/{action=Index}/{id?}"] with result /FoodSite/Login
2022-12-12 15:34:41.834 +05:30  DBG  View lookup cache miss for view '_Notification' in controller 'Home'.
2022-12-12 15:34:41.836 +05:30  DBG  The temp data cookie .AspNetCore.Mvc.CookieTempDataProvider was not found.
2022-12-12 15:34:41.836 +05:30  DBG  Found the endpoints ["Route: {controller=Home}/{action=Index}/{id?}"] for address Microsoft.AspNetCore.Routing.RouteValuesAddress
2022-12-12 15:34:41.837 +05:30  DBG  Successfully processed template {controller=Home}/{action=Index}/{id?} for Route: {controller=Home}/{action=Index}/{id?} resulting in /Home/Privacy and 
2022-12-12 15:34:41.837 +05:30  DBG  Link generation succeeded for endpoints ["Route: {controller=Home}/{action=Index}/{id?}"] with result /Home/Privacy
2022-12-12 15:34:41.940 +05:30  INF  Executed ViewResult - view Index executed in 214.4904ms.
2022-12-12 15:34:41.943 +05:30  INF  Executed action FoodDeliveryApplication.Controllers.HomeController.Index (FoodDeliveryApplication) in 221.1691ms
2022-12-12 15:34:41.944 +05:30  INF  Executed endpoint 'FoodDeliveryApplication.Controllers.HomeController.Index (FoodDeliveryApplication)'
2022-12-12 15:34:41.946 +05:30  INF  Accessing expired session, Key:56ab5c64-4191-f6c1-d2c9-cc74e9827c9d
2022-12-12 15:34:41.950 +05:30  DBG  Response markup is scheduled to include browser refresh script injection.
2022-12-12 15:34:41.957 +05:30  DBG  Response markup was updated to include browser refresh script injection.
2022-12-12 15:34:41.960 +05:30  INF  Request finished HTTP/2 GET https://localhost:7119/ - - - 200 - text/html;+charset=utf-8 329.1354ms
2022-12-12 15:34:41.996 +05:30  INF  Request starting HTTP/2 GET https://localhost:7119/scss/index.css - -
2022-12-12 15:34:41.997 +05:30  INF  Request starting HTTP/2 GET https://localhost:7119/_vs/browserLink - -
2022-12-12 15:34:41.996 +05:30  INF  Request starting HTTP/2 GET https://localhost:7119/_framework/aspnetcore-browser-refresh.js - -
2022-12-12 15:34:42.009 +05:30  INF  Request finished HTTP/2 GET https://localhost:7119/_framework/aspnetcore-browser-refresh.js - - - 200 12016 application/javascript;+charset=utf-8 12.2725ms
2022-12-12 15:34:42.010 +05:30  INF  The file /scss/index.css was not modified
2022-12-12 15:34:42.011 +05:30  DBG  Handled. Status code: 304 File: /scss/index.css
2022-12-12 15:34:42.011 +05:30  INF  Request finished HTTP/2 GET https://localhost:7119/scss/index.css - - - 304 - text/css 14.5359ms
2022-12-12 15:34:42.021 +05:30  INF  Request finished HTTP/2 GET https://localhost:7119/_vs/browserLink - - - 200 - text/javascript;+charset=UTF-8 24.5124ms
2022-12-12 15:34:56.802 +05:30  INF  Request starting HTTP/2 GET https://localhost:7119/FoodSite/Login - -
2022-12-12 15:34:56.802 +05:30  DBG  The request path /FoodSite/Login does not match a supported file type
2022-12-12 15:34:56.804 +05:30  DBG  1 candidate(s) found for the request path '/FoodSite/Login'
2022-12-12 15:34:56.804 +05:30  DBG  Endpoint 'FoodDeliveryApplication.Controllers.FoodSiteController.Login (FoodDeliveryApplication)' with route pattern '{controller=Home}/{action=Index}/{id?}' is valid for the request path '/FoodSite/Login'
2022-12-12 15:34:56.804 +05:30  DBG  Request matched endpoint 'FoodDeliveryApplication.Controllers.FoodSiteController.Login (FoodDeliveryApplication)'
2022-12-12 15:34:56.805 +05:30  INF  Executing endpoint 'FoodDeliveryApplication.Controllers.FoodSiteController.Login (FoodDeliveryApplication)'
2022-12-12 15:34:56.807 +05:30  INF  Route matched with {action = "Login", controller = "FoodSite"}. Executing controller action with signature Microsoft.AspNetCore.Mvc.IActionResult Login() on controller FoodDeliveryApplication.Controllers.FoodSiteController (FoodDeliveryApplication).
2022-12-12 15:34:56.807 +05:30  DBG  Execution plan of authorization filters (in the following order): ["None"]
2022-12-12 15:34:56.807 +05:30  DBG  Execution plan of resource filters (in the following order): ["Microsoft.AspNetCore.Mvc.ViewFeatures.Filters.SaveTempDataFilter"]
2022-12-12 15:34:56.807 +05:30  DBG  Execution plan of action filters (in the following order): ["Microsoft.AspNetCore.Mvc.Filters.ControllerActionFilter (Order: -2147483648)","Microsoft.AspNetCore.Mvc.ModelBinding.UnsupportedContentTypeFilter (Order: -3000)"]
2022-12-12 15:34:56.807 +05:30  DBG  Execution plan of exception filters (in the following order): ["FoodDeliveryApplication.CustomExceptionFilter"]
2022-12-12 15:34:56.807 +05:30  DBG  Execution plan of result filters (in the following order): ["Microsoft.AspNetCore.Mvc.ViewFeatures.Filters.SaveTempDataFilter"]
2022-12-12 15:34:56.807 +05:30  DBG  Executing controller factory for controller FoodDeliveryApplication.Controllers.FoodSiteController (FoodDeliveryApplication)
2022-12-12 15:34:57.069 +05:30  DBG  Executed controller factory for controller FoodDeliveryApplication.Controllers.FoodSiteController (FoodDeliveryApplication)
2022-12-12 15:34:57.069 +05:30  INF  Login Triggered
2022-12-12 15:34:57.070 +05:30  DBG  View lookup cache miss for view 'Login' in controller 'FoodSite'.
2022-12-12 15:34:57.071 +05:30  INF  Executing ViewResult, running view Login.
2022-12-12 15:34:57.071 +05:30  DBG  The view path '/Views/FoodSite/Login.cshtml' was found in 1.1189ms.
2022-12-12 15:34:57.077 +05:30  DBG  An antiforgery cookie token was reused.
2022-12-12 15:34:57.196 +05:30  DBG  Found the endpoints ["Route: {controller=Home}/{action=Index}/{id?}"] for address Microsoft.AspNetCore.Routing.RouteValuesAddress
2022-12-12 15:34:57.196 +05:30  DBG  Successfully processed template {controller=Home}/{action=Index}/{id?} for Route: {controller=Home}/{action=Index}/{id?} resulting in /FoodSite/CreateAccount and 
2022-12-12 15:34:57.196 +05:30  DBG  Link generation succeeded for endpoints ["Route: {controller=Home}/{action=Index}/{id?}"] with result /FoodSite/CreateAccount
2022-12-12 15:34:57.197 +05:30  DBG  View lookup cache miss for view '_Layout' in controller 'FoodSite'.
2022-12-12 15:34:57.198 +05:30  DBG  Found the endpoints ["Route: {controller=Home}/{action=Index}/{id?}"] for address Microsoft.AspNetCore.Routing.RouteValuesAddress
2022-12-12 15:34:57.198 +05:30  DBG  Successfully processed template {controller=Home}/{action=Index}/{id?} for Route: {controller=Home}/{action=Index}/{id?} resulting in  and 
2022-12-12 15:34:57.198 +05:30  DBG  Link generation succeeded for endpoints ["Route: {controller=Home}/{action=Index}/{id?}"] with result /
2022-12-12 15:34:57.198 +05:30  DBG  Found the endpoints ["Route: {controller=Home}/{action=Index}/{id?}"] for address Microsoft.AspNetCore.Routing.RouteValuesAddress
2022-12-12 15:34:57.198 +05:30  DBG  Successfully processed template {controller=Home}/{action=Index}/{id?} for Route: {controller=Home}/{action=Index}/{id?} resulting in  and 
2022-12-12 15:34:57.198 +05:30  DBG  Link generation succeeded for endpoints ["Route: {controller=Home}/{action=Index}/{id?}"] with result /
2022-12-12 15:34:57.198 +05:30  DBG  Found the endpoints ["Route: {controller=Home}/{action=Index}/{id?}"] for address Microsoft.AspNetCore.Routing.RouteValuesAddress
2022-12-12 15:34:57.198 +05:30  DBG  Successfully processed template {controller=Home}/{action=Index}/{id?} for Route: {controller=Home}/{action=Index}/{id?} resulting in /FoodSite/CreateAccount and 
2022-12-12 15:34:57.199 +05:30  DBG  Link generation succeeded for endpoints ["Route: {controller=Home}/{action=Index}/{id?}"] with result /FoodSite/CreateAccount
2022-12-12 15:34:57.199 +05:30  DBG  Found the endpoints ["Route: {controller=Home}/{action=Index}/{id?}"] for address Microsoft.AspNetCore.Routing.RouteValuesAddress
2022-12-12 15:34:57.199 +05:30  DBG  Successfully processed template {controller=Home}/{action=Index}/{id?} for Route: {controller=Home}/{action=Index}/{id?} resulting in /FoodSite/Login and 
2022-12-12 15:34:57.199 +05:30  DBG  Link generation succeeded for endpoints ["Route: {controller=Home}/{action=Index}/{id?}"] with result /FoodSite/Login
2022-12-12 15:34:57.199 +05:30  DBG  View lookup cache miss for view '_Notification' in controller 'FoodSite'.
2022-12-12 15:34:57.199 +05:30  DBG  The temp data cookie .AspNetCore.Mvc.CookieTempDataProvider was not found.
2022-12-12 15:34:57.200 +05:30  DBG  Found the endpoints ["Route: {controller=Home}/{action=Index}/{id?}"] for address Microsoft.AspNetCore.Routing.RouteValuesAddress
2022-12-12 15:34:57.200 +05:30  DBG  Successfully processed template {controller=Home}/{action=Index}/{id?} for Route: {controller=Home}/{action=Index}/{id?} resulting in /Home/Privacy and 
2022-12-12 15:34:57.200 +05:30  DBG  Link generation succeeded for endpoints ["Route: {controller=Home}/{action=Index}/{id?}"] with result /Home/Privacy
2022-12-12 15:34:57.206 +05:30  INF  Executed ViewResult - view Login executed in 136.3974ms.
2022-12-12 15:34:57.206 +05:30  INF  Executed action FoodDeliveryApplication.Controllers.FoodSiteController.Login (FoodDeliveryApplication) in 399.0202ms
2022-12-12 15:34:57.206 +05:30  INF  Executed endpoint 'FoodDeliveryApplication.Controllers.FoodSiteController.Login (FoodDeliveryApplication)'
2022-12-12 15:34:57.206 +05:30  INF  Accessing expired session, Key:56ab5c64-4191-f6c1-d2c9-cc74e9827c9d
2022-12-12 15:34:57.207 +05:30  DBG  Response markup is scheduled to include browser refresh script injection.
2022-12-12 15:34:57.208 +05:30  DBG  Response markup was updated to include browser refresh script injection.
2022-12-12 15:34:57.208 +05:30  INF  Request finished HTTP/2 GET https://localhost:7119/FoodSite/Login - - - 200 - text/html;+charset=utf-8 406.3637ms
2022-12-12 15:34:57.236 +05:30  INF  Request starting HTTP/2 GET https://localhost:7119/_framework/aspnetcore-browser-refresh.js - -
2022-12-12 15:34:57.236 +05:30  INF  Request starting HTTP/2 GET https://localhost:7119/_vs/browserLink - -
2022-12-12 15:34:57.236 +05:30  INF  Request finished HTTP/2 GET https://localhost:7119/_framework/aspnetcore-browser-refresh.js - - - 200 12016 application/javascript;+charset=utf-8 0.2904ms
2022-12-12 15:34:57.244 +05:30  INF  Request finished HTTP/2 GET https://localhost:7119/_vs/browserLink - - - 200 - text/javascript;+charset=UTF-8 7.8844ms
2022-12-12 15:35:02.281 +05:30  INF  Request starting HTTP/2 POST https://localhost:7119/FoodSite/Login application/x-www-form-urlencoded 211
2022-12-12 15:35:02.282 +05:30  DBG  POST requests are not supported
2022-12-12 15:35:02.285 +05:30  DBG  2 candidate(s) found for the request path '/FoodSite/Login'
2022-12-12 15:35:02.285 +05:30  DBG  Endpoint 'FoodDeliveryApplication.Controllers.FoodSiteController.Login (FoodDeliveryApplication)' with route pattern '{controller=Home}/{action=Index}/{id?}' is valid for the request path '/FoodSite/Login'
2022-12-12 15:35:02.285 +05:30  DBG  Endpoint 'FoodDeliveryApplication.Controllers.FoodSiteController.Login (FoodDeliveryApplication)' with route pattern '{controller=Home}/{action=Index}/{id?}' is valid for the request path '/FoodSite/Login'
2022-12-12 15:35:02.285 +05:30  DBG  Request matched endpoint 'FoodDeliveryApplication.Controllers.FoodSiteController.Login (FoodDeliveryApplication)'
2022-12-12 15:35:02.285 +05:30  INF  Executing endpoint 'FoodDeliveryApplication.Controllers.FoodSiteController.Login (FoodDeliveryApplication)'
2022-12-12 15:35:02.301 +05:30  INF  Route matched with {action = "Login", controller = "FoodSite"}. Executing controller action with signature System.Threading.Tasks.Task`1[Microsoft.AspNetCore.Mvc.IActionResult] Login(FoodDeliveryApplication.Models.LoginDetails) on controller FoodDeliveryApplication.Controllers.FoodSiteController (FoodDeliveryApplication).
2022-12-12 15:35:02.301 +05:30  DBG  Execution plan of authorization filters (in the following order): ["None"]
2022-12-12 15:35:02.301 +05:30  DBG  Execution plan of resource filters (in the following order): ["Microsoft.AspNetCore.Mvc.ViewFeatures.Filters.SaveTempDataFilter"]
2022-12-12 15:35:02.301 +05:30  DBG  Execution plan of action filters (in the following order): ["Microsoft.AspNetCore.Mvc.Filters.ControllerActionFilter (Order: -2147483648)","Microsoft.AspNetCore.Mvc.ModelBinding.UnsupportedContentTypeFilter (Order: -3000)"]
2022-12-12 15:35:02.301 +05:30  DBG  Execution plan of exception filters (in the following order): ["FoodDeliveryApplication.CustomExceptionFilter"]
2022-12-12 15:35:02.301 +05:30  DBG  Execution plan of result filters (in the following order): ["Microsoft.AspNetCore.Mvc.ViewFeatures.Filters.SaveTempDataFilter"]
2022-12-12 15:35:02.301 +05:30  DBG  Executing controller factory for controller FoodDeliveryApplication.Controllers.FoodSiteController (FoodDeliveryApplication)
2022-12-12 15:35:02.306 +05:30  DBG  Executed controller factory for controller FoodDeliveryApplication.Controllers.FoodSiteController (FoodDeliveryApplication)
2022-12-12 15:35:02.309 +05:30  DBG  Connection id "0HMMS514GSB5G", Request id "0HMMS514GSB5G:0000000F": started reading request body.
2022-12-12 15:35:02.309 +05:30  DBG  Connection id "0HMMS514GSB5G", Request id "0HMMS514GSB5G:0000000F": done reading request body.
2022-12-12 15:35:02.314 +05:30  DBG  Attempting to bind parameter 'login' of type 'FoodDeliveryApplication.Models.LoginDetails' ...
2022-12-12 15:35:02.317 +05:30  DBG  Attempting to bind parameter 'login' of type 'FoodDeliveryApplication.Models.LoginDetails' using the name '' in request data ...
2022-12-12 15:35:02.320 +05:30  DBG  Attempting to bind property 'FoodDeliveryApplication.Models.LoginDetails.UserName' of type 'System.String' using the name 'UserName' in request data ...
2022-12-12 15:35:02.320 +05:30  DBG  Done attempting to bind property 'FoodDeliveryApplication.Models.LoginDetails.UserName' of type 'System.String'.
2022-12-12 15:35:02.321 +05:30  DBG  Attempting to bind property 'FoodDeliveryApplication.Models.LoginDetails.Password' of type 'System.String' using the name 'Password' in request data ...
2022-12-12 15:35:02.322 +05:30  DBG  Done attempting to bind property 'FoodDeliveryApplication.Models.LoginDetails.Password' of type 'System.String'.
2022-12-12 15:35:02.322 +05:30  DBG  Done attempting to bind parameter 'login' of type 'FoodDeliveryApplication.Models.LoginDetails'.
2022-12-12 15:35:02.322 +05:30  DBG  Done attempting to bind parameter 'login' of type 'FoodDeliveryApplication.Models.LoginDetails'.
2022-12-12 15:35:02.322 +05:30  DBG  Attempting to validate the bound parameter 'login' of type 'FoodDeliveryApplication.Models.LoginDetails' ...
2022-12-12 15:35:02.326 +05:30  DBG  Done attempting to validate the bound parameter 'login' of type 'FoodDeliveryApplication.Models.LoginDetails'.
2022-12-12 15:35:02.444 +05:30  INF  Executing ContentResult with HTTP Response ContentType of text/plain; charset=utf-8
2022-12-12 15:35:02.444 +05:30  INF  Executed action FoodDeliveryApplication.Controllers.FoodSiteController.Login (FoodDeliveryApplication) in 143.3289ms
2022-12-12 15:35:02.444 +05:30  INF  Executed endpoint 'FoodDeliveryApplication.Controllers.FoodSiteController.Login (FoodDeliveryApplication)'
2022-12-12 15:35:02.444 +05:30  INF  Accessing expired session, Key:56ab5c64-4191-f6c1-d2c9-cc74e9827c9d
2022-12-12 15:35:02.445 +05:30  INF  Request finished HTTP/2 POST https://localhost:7119/FoodSite/Login application/x-www-form-urlencoded 211 - 200 31 text/plain;+charset=utf-8 163.5117ms
2022-12-12 15:35:03.897 +05:30  INF  Request starting HTTP/2 GET https://localhost:7119/FoodSite/Login - -
2022-12-12 15:35:03.898 +05:30  DBG  The request path /FoodSite/Login does not match a supported file type
2022-12-12 15:35:03.898 +05:30  DBG  1 candidate(s) found for the request path '/FoodSite/Login'
2022-12-12 15:35:03.898 +05:30  DBG  Endpoint 'FoodDeliveryApplication.Controllers.FoodSiteController.Login (FoodDeliveryApplication)' with route pattern '{controller=Home}/{action=Index}/{id?}' is valid for the request path '/FoodSite/Login'
2022-12-12 15:35:03.898 +05:30  DBG  Request matched endpoint 'FoodDeliveryApplication.Controllers.FoodSiteController.Login (FoodDeliveryApplication)'
2022-12-12 15:35:03.898 +05:30  INF  Executing endpoint 'FoodDeliveryApplication.Controllers.FoodSiteController.Login (FoodDeliveryApplication)'
2022-12-12 15:35:03.898 +05:30  INF  Route matched with {action = "Login", controller = "FoodSite"}. Executing controller action with signature Microsoft.AspNetCore.Mvc.IActionResult Login() on controller FoodDeliveryApplication.Controllers.FoodSiteController (FoodDeliveryApplication).
2022-12-12 15:35:03.899 +05:30  DBG  Execution plan of authorization filters (in the following order): ["None"]
2022-12-12 15:35:03.899 +05:30  DBG  Execution plan of resource filters (in the following order): ["Microsoft.AspNetCore.Mvc.ViewFeatures.Filters.SaveTempDataFilter"]
2022-12-12 15:35:03.899 +05:30  DBG  Execution plan of action filters (in the following order): ["Microsoft.AspNetCore.Mvc.Filters.ControllerActionFilter (Order: -2147483648)","Microsoft.AspNetCore.Mvc.ModelBinding.UnsupportedContentTypeFilter (Order: -3000)"]
2022-12-12 15:35:03.899 +05:30  DBG  Execution plan of exception filters (in the following order): ["FoodDeliveryApplication.CustomExceptionFilter"]
2022-12-12 15:35:03.899 +05:30  DBG  Execution plan of result filters (in the following order): ["Microsoft.AspNetCore.Mvc.ViewFeatures.Filters.SaveTempDataFilter"]
2022-12-12 15:35:03.899 +05:30  DBG  Executing controller factory for controller FoodDeliveryApplication.Controllers.FoodSiteController (FoodDeliveryApplication)
2022-12-12 15:35:03.905 +05:30  DBG  Executed controller factory for controller FoodDeliveryApplication.Controllers.FoodSiteController (FoodDeliveryApplication)
2022-12-12 15:35:03.905 +05:30  INF  Login Triggered
2022-12-12 15:35:03.905 +05:30  DBG  View lookup cache hit for view 'Login' in controller 'FoodSite'.
2022-12-12 15:35:03.905 +05:30  INF  Executing ViewResult, running view Login.
2022-12-12 15:35:03.905 +05:30  DBG  The view path '/Views/FoodSite/Login.cshtml' was found in 0.1241ms.
2022-12-12 15:35:03.906 +05:30  DBG  An antiforgery cookie token was reused.
2022-12-12 15:35:03.907 +05:30  DBG  Found the endpoints ["Route: {controller=Home}/{action=Index}/{id?}"] for address Microsoft.AspNetCore.Routing.RouteValuesAddress
2022-12-12 15:35:03.907 +05:30  DBG  Successfully processed template {controller=Home}/{action=Index}/{id?} for Route: {controller=Home}/{action=Index}/{id?} resulting in /FoodSite/CreateAccount and 
2022-12-12 15:35:03.907 +05:30  DBG  Link generation succeeded for endpoints ["Route: {controller=Home}/{action=Index}/{id?}"] with result /FoodSite/CreateAccount
2022-12-12 15:35:03.907 +05:30  DBG  View lookup cache hit for view '_Layout' in controller 'FoodSite'.
2022-12-12 15:35:03.908 +05:30  DBG  Found the endpoints ["Route: {controller=Home}/{action=Index}/{id?}"] for address Microsoft.AspNetCore.Routing.RouteValuesAddress
2022-12-12 15:35:03.908 +05:30  DBG  Successfully processed template {controller=Home}/{action=Index}/{id?} for Route: {controller=Home}/{action=Index}/{id?} resulting in  and 
2022-12-12 15:35:03.908 +05:30  DBG  Link generation succeeded for endpoints ["Route: {controller=Home}/{action=Index}/{id?}"] with result /
2022-12-12 15:35:03.909 +05:30  DBG  Found the endpoints ["Route: {controller=Home}/{action=Index}/{id?}"] for address Microsoft.AspNetCore.Routing.RouteValuesAddress
2022-12-12 15:35:03.909 +05:30  DBG  Successfully processed template {controller=Home}/{action=Index}/{id?} for Route: {controller=Home}/{action=Index}/{id?} resulting in  and 
2022-12-12 15:35:03.909 +05:30  DBG  Link generation succeeded for endpoints ["Route: {controller=Home}/{action=Index}/{id?}"] with result /
2022-12-12 15:35:03.909 +05:30  DBG  Found the endpoints ["Route: {controller=Home}/{action=Index}/{id?}"] for address Microsoft.AspNetCore.Routing.RouteValuesAddress
2022-12-12 15:35:03.909 +05:30  DBG  Successfully processed template {controller=Home}/{action=Index}/{id?} for Route: {controller=Home}/{action=Index}/{id?} resulting in /FoodSite/CreateAccount and 
2022-12-12 15:35:03.909 +05:30  DBG  Link generation succeeded for endpoints ["Route: {controller=Home}/{action=Index}/{id?}"] with result /FoodSite/CreateAccount
2022-12-12 15:35:03.909 +05:30  DBG  Found the endpoints ["Route: {controller=Home}/{action=Index}/{id?}"] for address Microsoft.AspNetCore.Routing.RouteValuesAddress
2022-12-12 15:35:03.909 +05:30  DBG  Successfully processed template {controller=Home}/{action=Index}/{id?} for Route: {controller=Home}/{action=Index}/{id?} resulting in /FoodSite/Login and 
2022-12-12 15:35:03.909 +05:30  DBG  Link generation succeeded for endpoints ["Route: {controller=Home}/{action=Index}/{id?}"] with result /FoodSite/Login
2022-12-12 15:35:03.909 +05:30  DBG  View lookup cache hit for view '_Notification' in controller 'FoodSite'.
2022-12-12 15:35:03.909 +05:30  DBG  The temp data cookie .AspNetCore.Mvc.CookieTempDataProvider was not found.
2022-12-12 15:35:03.910 +05:30  DBG  Found the endpoints ["Route: {controller=Home}/{action=Index}/{id?}"] for address Microsoft.AspNetCore.Routing.RouteValuesAddress
2022-12-12 15:35:03.910 +05:30  DBG  Successfully processed template {controller=Home}/{action=Index}/{id?} for Route: {controller=Home}/{action=Index}/{id?} resulting in /Home/Privacy and 
2022-12-12 15:35:03.910 +05:30  DBG  Link generation succeeded for endpoints ["Route: {controller=Home}/{action=Index}/{id?}"] with result /Home/Privacy
2022-12-12 15:35:03.915 +05:30  INF  Executed ViewResult - view Login executed in 10.7234ms.
2022-12-12 15:35:03.916 +05:30  INF  Executed action FoodDeliveryApplication.Controllers.FoodSiteController.Login (FoodDeliveryApplication) in 16.9666ms
2022-12-12 15:35:03.916 +05:30  INF  Executed endpoint 'FoodDeliveryApplication.Controllers.FoodSiteController.Login (FoodDeliveryApplication)'
2022-12-12 15:35:03.916 +05:30  INF  Accessing expired session, Key:56ab5c64-4191-f6c1-d2c9-cc74e9827c9d
2022-12-12 15:35:03.917 +05:30  DBG  Response markup is scheduled to include browser refresh script injection.
2022-12-12 15:35:03.917 +05:30  DBG  Response markup was updated to include browser refresh script injection.
2022-12-12 15:35:03.918 +05:30  INF  Request finished HTTP/2 GET https://localhost:7119/FoodSite/Login - - - 200 - text/html;+charset=utf-8 20.6887ms
2022-12-12 15:35:03.937 +05:30  INF  Request starting HTTP/2 GET https://localhost:7119/_framework/aspnetcore-browser-refresh.js - -
2022-12-12 15:35:03.937 +05:30  INF  Request finished HTTP/2 GET https://localhost:7119/_framework/aspnetcore-browser-refresh.js - - - 200 12016 application/javascript;+charset=utf-8 0.2967ms
2022-12-12 15:35:09.516 +05:30  INF  Request starting HTTP/2 POST https://localhost:7119/FoodSite/Login application/x-www-form-urlencoded 212
2022-12-12 15:35:09.517 +05:30  DBG  POST requests are not supported
2022-12-12 15:35:09.517 +05:30  DBG  2 candidate(s) found for the request path '/FoodSite/Login'
2022-12-12 15:35:09.517 +05:30  DBG  Endpoint 'FoodDeliveryApplication.Controllers.FoodSiteController.Login (FoodDeliveryApplication)' with route pattern '{controller=Home}/{action=Index}/{id?}' is valid for the request path '/FoodSite/Login'
2022-12-12 15:35:09.517 +05:30  DBG  Endpoint 'FoodDeliveryApplication.Controllers.FoodSiteController.Login (FoodDeliveryApplication)' with route pattern '{controller=Home}/{action=Index}/{id?}' is valid for the request path '/FoodSite/Login'
2022-12-12 15:35:09.517 +05:30  DBG  Request matched endpoint 'FoodDeliveryApplication.Controllers.FoodSiteController.Login (FoodDeliveryApplication)'
2022-12-12 15:35:09.517 +05:30  INF  Executing endpoint 'FoodDeliveryApplication.Controllers.FoodSiteController.Login (FoodDeliveryApplication)'
2022-12-12 15:35:09.517 +05:30  INF  Route matched with {action = "Login", controller = "FoodSite"}. Executing controller action with signature System.Threading.Tasks.Task`1[Microsoft.AspNetCore.Mvc.IActionResult] Login(FoodDeliveryApplication.Models.LoginDetails) on controller FoodDeliveryApplication.Controllers.FoodSiteController (FoodDeliveryApplication).
2022-12-12 15:35:09.517 +05:30  DBG  Execution plan of authorization filters (in the following order): ["None"]
2022-12-12 15:35:09.517 +05:30  DBG  Execution plan of resource filters (in the following order): ["Microsoft.AspNetCore.Mvc.ViewFeatures.Filters.SaveTempDataFilter"]
2022-12-12 15:35:09.517 +05:30  DBG  Execution plan of action filters (in the following order): ["Microsoft.AspNetCore.Mvc.Filters.ControllerActionFilter (Order: -2147483648)","Microsoft.AspNetCore.Mvc.ModelBinding.UnsupportedContentTypeFilter (Order: -3000)"]
2022-12-12 15:35:09.517 +05:30  DBG  Execution plan of exception filters (in the following order): ["FoodDeliveryApplication.CustomExceptionFilter"]
2022-12-12 15:35:09.517 +05:30  DBG  Execution plan of result filters (in the following order): ["Microsoft.AspNetCore.Mvc.ViewFeatures.Filters.SaveTempDataFilter"]
2022-12-12 15:35:09.517 +05:30  DBG  Executing controller factory for controller FoodDeliveryApplication.Controllers.FoodSiteController (FoodDeliveryApplication)
2022-12-12 15:35:09.523 +05:30  DBG  Executed controller factory for controller FoodDeliveryApplication.Controllers.FoodSiteController (FoodDeliveryApplication)
2022-12-12 15:35:09.523 +05:30  DBG  Connection id "0HMMS514GSB5G", Request id "0HMMS514GSB5G:00000015": started reading request body.
2022-12-12 15:35:09.524 +05:30  DBG  Connection id "0HMMS514GSB5G", Request id "0HMMS514GSB5G:00000015": done reading request body.
2022-12-12 15:35:09.524 +05:30  DBG  Attempting to bind parameter 'login' of type 'FoodDeliveryApplication.Models.LoginDetails' ...
2022-12-12 15:35:09.524 +05:30  DBG  Attempting to bind parameter 'login' of type 'FoodDeliveryApplication.Models.LoginDetails' using the name '' in request data ...
2022-12-12 15:35:09.524 +05:30  DBG  Attempting to bind property 'FoodDeliveryApplication.Models.LoginDetails.UserName' of type 'System.String' using the name 'UserName' in request data ...
2022-12-12 15:35:09.524 +05:30  DBG  Done attempting to bind property 'FoodDeliveryApplication.Models.LoginDetails.UserName' of type 'System.String'.
2022-12-12 15:35:09.524 +05:30  DBG  Attempting to bind property 'FoodDeliveryApplication.Models.LoginDetails.Password' of type 'System.String' using the name 'Password' in request data ...
2022-12-12 15:35:09.524 +05:30  DBG  Done attempting to bind property 'FoodDeliveryApplication.Models.LoginDetails.Password' of type 'System.String'.
2022-12-12 15:35:09.525 +05:30  DBG  Done attempting to bind parameter 'login' of type 'FoodDeliveryApplication.Models.LoginDetails'.
2022-12-12 15:35:09.525 +05:30  DBG  Done attempting to bind parameter 'login' of type 'FoodDeliveryApplication.Models.LoginDetails'.
2022-12-12 15:35:09.525 +05:30  DBG  Attempting to validate the bound parameter 'login' of type 'FoodDeliveryApplication.Models.LoginDetails' ...
2022-12-12 15:35:09.525 +05:30  DBG  Done attempting to validate the bound parameter 'login' of type 'FoodDeliveryApplication.Models.LoginDetails'.
2022-12-12 15:35:09.663 +05:30  INF  Accessing expired session, Key:56ab5c64-4191-f6c1-d2c9-cc74e9827c9d
2022-12-12 15:35:09.664 +05:30  DBG  Found the endpoints ["Route: {controller=Home}/{action=Index}/{id?}"] for address Microsoft.AspNetCore.Routing.RouteValuesAddress
2022-12-12 15:35:09.664 +05:30  DBG  Successfully processed template {controller=Home}/{action=Index}/{id?} for Route: {controller=Home}/{action=Index}/{id?} resulting in /FoodSite/Restaurants and 
2022-12-12 15:35:09.664 +05:30  DBG  Link generation succeeded for endpoints ["Route: {controller=Home}/{action=Index}/{id?}"] with result /FoodSite/Restaurants
2022-12-12 15:35:09.665 +05:30  INF  Executing RedirectResult, redirecting to /FoodSite/Restaurants.
2022-12-12 15:35:09.665 +05:30  INF  Executed action FoodDeliveryApplication.Controllers.FoodSiteController.Login (FoodDeliveryApplication) in 147.8521ms
2022-12-12 15:35:09.665 +05:30  INF  Executed endpoint 'FoodDeliveryApplication.Controllers.FoodSiteController.Login (FoodDeliveryApplication)'
2022-12-12 15:35:09.666 +05:30  INF  Session started; Key:56ab5c64-4191-f6c1-d2c9-cc74e9827c9d, Id:6165fa8c-c7c9-4ee8-3038-428bebe122ce
2022-12-12 15:35:09.674 +05:30  DBG  Session stored; Key:56ab5c64-4191-f6c1-d2c9-cc74e9827c9d, Id:6165fa8c-c7c9-4ee8-3038-428bebe122ce, Count:2
2022-12-12 15:35:09.674 +05:30  INF  Request finished HTTP/2 POST https://localhost:7119/FoodSite/Login application/x-www-form-urlencoded 212 - 302 0 - 158.2181ms
2022-12-12 15:35:09.677 +05:30  INF  Request starting HTTP/2 GET https://localhost:7119/FoodSite/Restaurants - -
2022-12-12 15:35:09.679 +05:30  DBG  The request path /FoodSite/Restaurants does not match a supported file type
2022-12-12 15:35:09.679 +05:30  DBG  1 candidate(s) found for the request path '/FoodSite/Restaurants'
2022-12-12 15:35:09.679 +05:30  DBG  Endpoint 'FoodDeliveryApplication.Controllers.FoodSiteController.Restaurants (FoodDeliveryApplication)' with route pattern '{controller=Home}/{action=Index}/{id?}' is valid for the request path '/FoodSite/Restaurants'
2022-12-12 15:35:09.679 +05:30  DBG  Request matched endpoint 'FoodDeliveryApplication.Controllers.FoodSiteController.Restaurants (FoodDeliveryApplication)'
2022-12-12 15:35:09.679 +05:30  INF  Executing endpoint 'FoodDeliveryApplication.Controllers.FoodSiteController.Restaurants (FoodDeliveryApplication)'
2022-12-12 15:35:09.680 +05:30  INF  Route matched with {action = "Restaurants", controller = "FoodSite"}. Executing controller action with signature Microsoft.AspNetCore.Mvc.IActionResult Restaurants() on controller FoodDeliveryApplication.Controllers.FoodSiteController (FoodDeliveryApplication).
2022-12-12 15:35:09.680 +05:30  DBG  Execution plan of authorization filters (in the following order): ["None"]
2022-12-12 15:35:09.680 +05:30  DBG  Execution plan of resource filters (in the following order): ["Microsoft.AspNetCore.Mvc.ViewFeatures.Filters.SaveTempDataFilter"]
2022-12-12 15:35:09.680 +05:30  DBG  Execution plan of action filters (in the following order): ["Microsoft.AspNetCore.Mvc.Filters.ControllerActionFilter (Order: -2147483648)","Microsoft.AspNetCore.Mvc.ModelBinding.UnsupportedContentTypeFilter (Order: -3000)"]
2022-12-12 15:35:09.680 +05:30  DBG  Execution plan of exception filters (in the following order): ["FoodDeliveryApplication.CustomExceptionFilter"]
2022-12-12 15:35:09.681 +05:30  DBG  Execution plan of result filters (in the following order): ["Microsoft.AspNetCore.Mvc.ViewFeatures.Filters.SaveTempDataFilter"]
2022-12-12 15:35:09.681 +05:30  DBG  Executing controller factory for controller FoodDeliveryApplication.Controllers.FoodSiteController (FoodDeliveryApplication)
2022-12-12 15:35:09.686 +05:30  DBG  Executed controller factory for controller FoodDeliveryApplication.Controllers.FoodSiteController (FoodDeliveryApplication)
2022-12-12 15:35:09.688 +05:30  DBG  Session loaded; Key:56ab5c64-4191-f6c1-d2c9-cc74e9827c9d, Id:6165fa8c-c7c9-4ee8-3038-428bebe122ce, Count:2
2022-12-12 15:35:09.706 +05:30  DBG  View lookup cache miss for view 'Restaurants' in controller 'FoodSite'.
2022-12-12 15:35:09.707 +05:30  INF  Executing ViewResult, running view Restaurants.
2022-12-12 15:35:09.707 +05:30  DBG  The view path '/Views/FoodSite/Restaurants.cshtml' was found in 1.2733ms.
2022-12-12 15:35:09.711 +05:30  DBG  Found the endpoints ["Route: {controller=Home}/{action=Index}/{id?}"] for address Microsoft.AspNetCore.Routing.RouteValuesAddress
2022-12-12 15:35:09.712 +05:30  DBG  Successfully processed template {controller=Home}/{action=Index}/{id?} for Route: {controller=Home}/{action=Index}/{id?} resulting in /FoodSite/Logout and 
2022-12-12 15:35:09.712 +05:30  DBG  Link generation succeeded for endpoints ["Route: {controller=Home}/{action=Index}/{id?}"] with result /FoodSite/Logout
2022-12-12 15:35:09.712 +05:30  DBG  Found the endpoints ["Route: {controller=Home}/{action=Index}/{id?}"] for address Microsoft.AspNetCore.Routing.RouteValuesAddress
2022-12-12 15:35:09.712 +05:30  DBG  Successfully processed template {controller=Home}/{action=Index}/{id?} for Route: {controller=Home}/{action=Index}/{id?} resulting in /FoodSite/OrderStatus and 
2022-12-12 15:35:09.712 +05:30  DBG  Link generation succeeded for endpoints ["Route: {controller=Home}/{action=Index}/{id?}"] with result /FoodSite/OrderStatus
2022-12-12 15:35:09.712 +05:30  DBG  Found the endpoints ["Route: {controller=Home}/{action=Index}/{id?}"] for address Microsoft.AspNetCore.Routing.RouteValuesAddress
2022-12-12 15:35:09.712 +05:30  DBG  Successfully processed template {controller=Home}/{action=Index}/{id?} for Route: {controller=Home}/{action=Index}/{id?} resulting in /FoodSite/Cart and 
2022-12-12 15:35:09.712 +05:30  DBG  Link generation succeeded for endpoints ["Route: {controller=Home}/{action=Index}/{id?}"] with result /FoodSite/Cart
2022-12-12 15:35:09.712 +05:30  DBG  Found the endpoints ["Route: {controller=Home}/{action=Index}/{id?}"] for address Microsoft.AspNetCore.Routing.RouteValuesAddress
2022-12-12 15:35:09.712 +05:30  DBG  Successfully processed template {controller=Home}/{action=Index}/{id?} for Route: {controller=Home}/{action=Index}/{id?} resulting in /FoodSite/RestaurantMenu/1 and 
2022-12-12 15:35:09.712 +05:30  DBG  Link generation succeeded for endpoints ["Route: {controller=Home}/{action=Index}/{id?}"] with result /FoodSite/RestaurantMenu/1
2022-12-12 15:35:09.713 +05:30  DBG  Found the endpoints ["Route: {controller=Home}/{action=Index}/{id?}"] for address Microsoft.AspNetCore.Routing.RouteValuesAddress
2022-12-12 15:35:09.713 +05:30  DBG  Successfully processed template {controller=Home}/{action=Index}/{id?} for Route: {controller=Home}/{action=Index}/{id?} resulting in /FoodSite/RestaurantMenu/2 and 
2022-12-12 15:35:09.713 +05:30  DBG  Link generation succeeded for endpoints ["Route: {controller=Home}/{action=Index}/{id?}"] with result /FoodSite/RestaurantMenu/2
2022-12-12 15:35:09.713 +05:30  DBG  Found the endpoints ["Route: {controller=Home}/{action=Index}/{id?}"] for address Microsoft.AspNetCore.Routing.RouteValuesAddress
2022-12-12 15:35:09.713 +05:30  DBG  Successfully processed template {controller=Home}/{action=Index}/{id?} for Route: {controller=Home}/{action=Index}/{id?} resulting in /FoodSite/RestaurantMenu/3 and 
2022-12-12 15:35:09.713 +05:30  DBG  Link generation succeeded for endpoints ["Route: {controller=Home}/{action=Index}/{id?}"] with result /FoodSite/RestaurantMenu/3
2022-12-12 15:35:09.714 +05:30  DBG  View lookup cache hit for view '_Layout' in controller 'FoodSite'.
2022-12-12 15:35:09.714 +05:30  DBG  Found the endpoints ["Route: {controller=Home}/{action=Index}/{id?}"] for address Microsoft.AspNetCore.Routing.RouteValuesAddress
2022-12-12 15:35:09.714 +05:30  DBG  Successfully processed template {controller=Home}/{action=Index}/{id?} for Route: {controller=Home}/{action=Index}/{id?} resulting in  and 
2022-12-12 15:35:09.714 +05:30  DBG  Link generation succeeded for endpoints ["Route: {controller=Home}/{action=Index}/{id?}"] with result /
2022-12-12 15:35:09.714 +05:30  DBG  Found the endpoints ["Route: {controller=Home}/{action=Index}/{id?}"] for address Microsoft.AspNetCore.Routing.RouteValuesAddress
2022-12-12 15:35:09.714 +05:30  DBG  Successfully processed template {controller=Home}/{action=Index}/{id?} for Route: {controller=Home}/{action=Index}/{id?} resulting in  and 
2022-12-12 15:35:09.714 +05:30  DBG  Link generation succeeded for endpoints ["Route: {controller=Home}/{action=Index}/{id?}"] with result /
2022-12-12 15:35:09.714 +05:30  DBG  Found the endpoints ["Route: {controller=Home}/{action=Index}/{id?}"] for address Microsoft.AspNetCore.Routing.RouteValuesAddress
2022-12-12 15:35:09.714 +05:30  DBG  Successfully processed template {controller=Home}/{action=Index}/{id?} for Route: {controller=Home}/{action=Index}/{id?} resulting in /FoodSite/CreateAccount and 
2022-12-12 15:35:09.714 +05:30  DBG  Link generation succeeded for endpoints ["Route: {controller=Home}/{action=Index}/{id?}"] with result /FoodSite/CreateAccount
2022-12-12 15:35:09.714 +05:30  DBG  Found the endpoints ["Route: {controller=Home}/{action=Index}/{id?}"] for address Microsoft.AspNetCore.Routing.RouteValuesAddress
2022-12-12 15:35:09.714 +05:30  DBG  Successfully processed template {controller=Home}/{action=Index}/{id?} for Route: {controller=Home}/{action=Index}/{id?} resulting in /FoodSite/Login and 
2022-12-12 15:35:09.714 +05:30  DBG  Link generation succeeded for endpoints ["Route: {controller=Home}/{action=Index}/{id?}"] with result /FoodSite/Login
2022-12-12 15:35:09.714 +05:30  DBG  View lookup cache hit for view '_Notification' in controller 'FoodSite'.
2022-12-12 15:35:09.715 +05:30  DBG  The temp data cookie .AspNetCore.Mvc.CookieTempDataProvider was not found.
2022-12-12 15:35:09.715 +05:30  DBG  Found the endpoints ["Route: {controller=Home}/{action=Index}/{id?}"] for address Microsoft.AspNetCore.Routing.RouteValuesAddress
2022-12-12 15:35:09.715 +05:30  DBG  Successfully processed template {controller=Home}/{action=Index}/{id?} for Route: {controller=Home}/{action=Index}/{id?} resulting in /Home/Privacy and 
2022-12-12 15:35:09.715 +05:30  DBG  Link generation succeeded for endpoints ["Route: {controller=Home}/{action=Index}/{id?}"] with result /Home/Privacy
2022-12-12 15:35:09.723 +05:30  INF  Executed ViewResult - view Restaurants executed in 17.3077ms.
2022-12-12 15:35:09.723 +05:30  INF  Executed action FoodDeliveryApplication.Controllers.FoodSiteController.Restaurants (FoodDeliveryApplication) in 42.3371ms
2022-12-12 15:35:09.723 +05:30  INF  Executed endpoint 'FoodDeliveryApplication.Controllers.FoodSiteController.Restaurants (FoodDeliveryApplication)'
2022-12-12 15:35:09.727 +05:30  DBG  Response markup is scheduled to include browser refresh script injection.
2022-12-12 15:35:09.733 +05:30  DBG  Response markup was updated to include browser refresh script injection.
2022-12-12 15:35:09.733 +05:30  INF  Request finished HTTP/2 GET https://localhost:7119/FoodSite/Restaurants - - - 200 - text/html;+charset=utf-8 55.4803ms
2022-12-12 15:35:09.754 +05:30  INF  Request starting HTTP/2 GET https://localhost:7119/_vs/browserLink - -
2022-12-12 15:35:09.761 +05:30  INF  Request finished HTTP/2 GET https://localhost:7119/_vs/browserLink - - - 200 - text/javascript;+charset=UTF-8 7.3373ms
2022-12-12 15:35:09.761 +05:30  INF  Request starting HTTP/2 GET https://localhost:7119/_framework/aspnetcore-browser-refresh.js - -
2022-12-12 15:35:09.761 +05:30  INF  Request finished HTTP/2 GET https://localhost:7119/_framework/aspnetcore-browser-refresh.js - - - 200 12016 application/javascript;+charset=utf-8 0.2347ms
2022-12-12 15:37:21.035 +05:30  DBG  Connection id "0HMMS514GSB5G" is closing.
2022-12-12 15:37:21.049 +05:30  DBG  Connection id "0HMMS514GSB5G" is closed. The last processed stream ID was 27.
2022-12-12 15:37:21.051 +05:30  DBG  Connection id "0HMMS514GSB5G" received FIN.
2022-12-12 15:37:21.051 +05:30  DBG  Connection id "0HMMS514GSB5G" sending FIN because: "The client closed the connection."
2022-12-12 15:37:21.054 +05:30  DBG  Connection id "0HMMS514GSB5G" stopped.
